2013/05/13 18:36:40 [warning] [application] Failed to set unsafe attribute "description" of "Project".
in /Applications/MAMP/htdocs/web_examples/Yii/trackstar/protected/controllers/ProjectController.php (72)
in /Applications/MAMP/htdocs/web_examples/Yii/trackstar/index.php (13)
2013/05/13 18:36:40 [warning] [application] Failed to set unsafe attribute "create_time" of "Project".
in /Applications/MAMP/htdocs/web_examples/Yii/trackstar/protected/controllers/ProjectController.php (72)
in /Applications/MAMP/htdocs/web_examples/Yii/trackstar/index.php (13)
2013/05/13 18:36:40 [warning] [application] Failed to set unsafe attribute "update_time" of "Project".
in /Applications/MAMP/htdocs/web_examples/Yii/trackstar/protected/controllers/ProjectController.php (72)
in /Applications/MAMP/htdocs/web_examples/Yii/trackstar/index.php (13)
2013/05/13 18:39:08 [error] [exception.CHttpException.403] exception 'CHttpException' with message 'You are not authorized to perform this action.' in /Applications/MAMP/htdocs/web_examples/Yii/yii/framework/web/auth/CAccessControlFilter.php:179
Stack trace:
#0 /Applications/MAMP/htdocs/web_examples/Yii/yii/framework/web/auth/CAccessControlFilter.php(142): CAccessControlFilter->accessDenied(Object(CWebUser), 'You are not aut...')
#1 /Applications/MAMP/htdocs/web_examples/Yii/yii/framework/web/filters/CFilter.php(38): CAccessControlFilter->preFilter(Object(CFilterChain))
#2 /Applications/MAMP/htdocs/web_examples/Yii/yii/framework/web/CController.php(1145): CFilter->filter(Object(CFilterChain))
#3 /Applications/MAMP/htdocs/web_examples/Yii/yii/framework/web/filters/CInlineFilter.php(58): CController->filterAccessControl(Object(CFilterChain))
#4 /Applications/MAMP/htdocs/web_examples/Yii/yii/framework/web/filters/CFilterChain.php(130): CInlineFilter->filter(Object(CFilterChain))
#5 /Applications/MAMP/htdocs/web_examples/Yii/yii/framework/web/CController.php(291): CFilterChain->run()
#6 /Applications/MAMP/htdocs/web_examples/Yii/yii/framework/web/CController.php(265): CController->runActionWithFilters(Object(CInlineAction), Array)
#7 /Applications/MAMP/htdocs/web_examples/Yii/yii/framework/web/CWebApplication.php(282): CController->run('admin')
#8 /Applications/MAMP/htdocs/web_examples/Yii/yii/framework/web/CWebApplication.php(141): CWebApplication->runController('project/admin')
#9 /Applications/MAMP/htdocs/web_examples/Yii/yii/framework/base/CApplication.php(169): CWebApplication->processRequest()
#10 /Applications/MAMP/htdocs/web_examples/Yii/trackstar/index.php(13): CApplication->run()
#11 {main}
REQUEST_URI=/web_examples/Yii/trackstar/index.php?r=project/admin
HTTP_REFERER=http://localhost:8888/web_examples/Yii/trackstar/index.php?r=project/view&id=21
---
2013/05/13 19:41:37 [error] [system.db.CDbCommand] CDbCommand::fetchAll() failed: SQLSTATE[42S02]: Base table or view not found: 1146 Table 'trackstar_dev.tbl_issu' doesn't exist. The SQL statement executed was: SHOW FULL COLUMNS FROM `tbl_issu`.
in /Applications/MAMP/htdocs/web_examples/Yii/trackstar/index.php (13)
2013/05/13 20:19:46 [error] [exception.CHttpException.403] exception 'CHttpException' with message 'You are not authorized to perform this action.' in /Applications/MAMP/htdocs/web_examples/Yii/yii/framework/web/auth/CAccessControlFilter.php:179
Stack trace:
#0 /Applications/MAMP/htdocs/web_examples/Yii/yii/framework/web/auth/CAccessControlFilter.php(142): CAccessControlFilter->accessDenied(Object(CWebUser), 'You are not aut...')
#1 /Applications/MAMP/htdocs/web_examples/Yii/yii/framework/web/filters/CFilter.php(38): CAccessControlFilter->preFilter(Object(CFilterChain))
#2 /Applications/MAMP/htdocs/web_examples/Yii/yii/framework/web/CController.php(1145): CFilter->filter(Object(CFilterChain))
#3 /Applications/MAMP/htdocs/web_examples/Yii/yii/framework/web/filters/CInlineFilter.php(58): CController->filterAccessControl(Object(CFilterChain))
#4 /Applications/MAMP/htdocs/web_examples/Yii/yii/framework/web/filters/CFilterChain.php(130): CInlineFilter->filter(Object(CFilterChain))
#5 /Applications/MAMP/htdocs/web_examples/Yii/yii/framework/web/CController.php(291): CFilterChain->run()
#6 /Applications/MAMP/htdocs/web_examples/Yii/yii/framework/web/CController.php(265): CController->runActionWithFilters(Object(CInlineAction), Array)
#7 /Applications/MAMP/htdocs/web_examples/Yii/yii/framework/web/CWebApplication.php(282): CController->run('admin')
#8 /Applications/MAMP/htdocs/web_examples/Yii/yii/framework/web/CWebApplication.php(141): CWebApplication->runController('issue/admin')
#9 /Applications/MAMP/htdocs/web_examples/Yii/yii/framework/base/CApplication.php(169): CWebApplication->processRequest()
#10 /Applications/MAMP/htdocs/web_examples/Yii/trackstar/index.php(13): CApplication->run()
#11 {main}
REQUEST_URI=/web_examples/Yii/trackstar/index.php?r=issue/admin
HTTP_REFERER=http://localhost:8888/web_examples/Yii/trackstar/index.php?r=issue/create
---
2013/05/13 20:19:51 [error] [exception.CHttpException.403] exception 'CHttpException' with message 'You are not authorized to perform this action.' in /Applications/MAMP/htdocs/web_examples/Yii/yii/framework/web/auth/CAccessControlFilter.php:179
Stack trace:
#0 /Applications/MAMP/htdocs/web_examples/Yii/yii/framework/web/auth/CAccessControlFilter.php(142): CAccessControlFilter->accessDenied(Object(CWebUser), 'You are not aut...')
#1 /Applications/MAMP/htdocs/web_examples/Yii/yii/framework/web/filters/CFilter.php(38): CAccessControlFilter->preFilter(Object(CFilterChain))
#2 /Applications/MAMP/htdocs/web_examples/Yii/yii/framework/web/CController.php(1145): CFilter->filter(Object(CFilterChain))
#3 /Applications/MAMP/htdocs/web_examples/Yii/yii/framework/web/filters/CInlineFilter.php(58): CController->filterAccessControl(Object(CFilterChain))
#4 /Applications/MAMP/htdocs/web_examples/Yii/yii/framework/web/filters/CFilterChain.php(130): CInlineFilter->filter(Object(CFilterChain))
#5 /Applications/MAMP/htdocs/web_examples/Yii/yii/framework/web/CController.php(291): CFilterChain->run()
#6 /Applications/MAMP/htdocs/web_examples/Yii/yii/framework/web/CController.php(265): CController->runActionWithFilters(Object(CInlineAction), Array)
#7 /Applications/MAMP/htdocs/web_examples/Yii/yii/framework/web/CWebApplication.php(282): CController->run('admin')
#8 /Applications/MAMP/htdocs/web_examples/Yii/yii/framework/web/CWebApplication.php(141): CWebApplication->runController('issue/admin')
#9 /Applications/MAMP/htdocs/web_examples/Yii/yii/framework/base/CApplication.php(169): CWebApplication->processRequest()
#10 /Applications/MAMP/htdocs/web_examples/Yii/trackstar/index.php(13): CApplication->run()
#11 {main}
REQUEST_URI=/web_examples/Yii/trackstar/index.php?r=issue/admin
HTTP_REFERER=http://localhost:8888/web_examples/Yii/trackstar/index.php?r=issue/create
---
2013/05/14 08:34:39 [error] [exception.CHttpException.404] exception 'CHttpException' with message 'Unable to resolve the request "post.php".' in /Applications/MAMP/htdocs/web_examples/Yii/yii/framework/web/CWebApplication.php:286
Stack trace:
#0 /Applications/MAMP/htdocs/web_examples/Yii/yii/framework/web/CWebApplication.php(141): CWebApplication->runController('post.php')
#1 /Applications/MAMP/htdocs/web_examples/Yii/yii/framework/base/CApplication.php(169): CWebApplication->processRequest()
#2 /Applications/MAMP/htdocs/web_examples/Yii/trackstar/index.php(13): CApplication->run()
#3 {main}
REQUEST_URI=/Yii/trackstar/index.php?r=post.php
---
2013/05/14 08:34:48 [error] [exception.CHttpException.404] exception 'CHttpException' with message 'Unable to resolve the request "Post/create.php".' in /Applications/MAMP/htdocs/web_examples/Yii/yii/framework/web/CWebApplication.php:286
Stack trace:
#0 /Applications/MAMP/htdocs/web_examples/Yii/yii/framework/web/CWebApplication.php(141): CWebApplication->runController('Post/create.php')
#1 /Applications/MAMP/htdocs/web_examples/Yii/yii/framework/base/CApplication.php(169): CWebApplication->processRequest()
#2 /Applications/MAMP/htdocs/web_examples/Yii/trackstar/index.php(13): CApplication->run()
#3 {main}
REQUEST_URI=/Yii/trackstar/index.php?r=Post/create.php
---
2013/05/14 08:34:56 [error] [exception.CHttpException.404] exception 'CHttpException' with message 'Unable to resolve the request "issue.php".' in /Applications/MAMP/htdocs/web_examples/Yii/yii/framework/web/CWebApplication.php:286
Stack trace:
#0 /Applications/MAMP/htdocs/web_examples/Yii/yii/framework/web/CWebApplication.php(141): CWebApplication->runController('issue.php')
#1 /Applications/MAMP/htdocs/web_examples/Yii/yii/framework/base/CApplication.php(169): CWebApplication->processRequest()
#2 /Applications/MAMP/htdocs/web_examples/Yii/trackstar/index.php(13): CApplication->run()
#3 {main}
REQUEST_URI=/Yii/trackstar/index.php?r=issue.php
---
2013/05/14 08:35:11 [error] [exception.CHttpException.404] exception 'CHttpException' with message 'Unable to resolve the request "Project.php".' in /Applications/MAMP/htdocs/web_examples/Yii/yii/framework/web/CWebApplication.php:286
Stack trace:
#0 /Applications/MAMP/htdocs/web_examples/Yii/yii/framework/web/CWebApplication.php(141): CWebApplication->runController('Project.php')
#1 /Applications/MAMP/htdocs/web_examples/Yii/yii/framework/base/CApplication.php(169): CWebApplication->processRequest()
#2 /Applications/MAMP/htdocs/web_examples/Yii/trackstar/index.php(13): CApplication->run()
#3 {main}
REQUEST_URI=/Yii/trackstar/index.php?r=Project.php
---
2013/05/14 08:35:16 [error] [exception.CDbException] exception 'CDbException' with message 'CDbConnection failed to open the DB connection: SQLSTATE[42000] [1049] Unknown database 'trackstar_dev'' in /Applications/MAMP/htdocs/web_examples/Yii/yii/framework/db/CDbConnection.php:381
Stack trace:
#0 /Applications/MAMP/htdocs/web_examples/Yii/yii/framework/db/CDbConnection.php(330): CDbConnection->open()
#1 /Applications/MAMP/htdocs/web_examples/Yii/yii/framework/db/CDbConnection.php(308): CDbConnection->setActive(true)
#2 /Applications/MAMP/htdocs/web_examples/Yii/yii/framework/base/CModule.php(387): CDbConnection->init()
#3 /Applications/MAMP/htdocs/web_examples/Yii/yii/framework/base/CApplication.php(438): CModule->getComponent('db')
#4 /Applications/MAMP/htdocs/web_examples/Yii/yii/framework/db/ar/CActiveRecord.php(623): CApplication->getDb()
#5 /Applications/MAMP/htdocs/web_examples/Yii/yii/framework/db/ar/CActiveRecord.php(2309): CActiveRecord->getDbConnection()
#6 /Applications/MAMP/htdocs/web_examples/Yii/yii/framework/db/ar/CActiveRecord.php(387): CActiveRecordMetaData->__construct(Object(Project))
#7 /Applications/MAMP/htdocs/web_examples/Yii/yii/framework/web/CActiveDataProvider.php(74): CActiveRecord::model('Project')
#8 /Applications/MAMP/htdocs/web_examples/Yii/trackstar/protected/controllers/ProjectController.php(125): CActiveDataProvider->__construct('Project')
#9 /Applications/MAMP/htdocs/web_examples/Yii/yii/framework/web/actions/CInlineAction.php(49): ProjectController->actionIndex()
#10 /Applications/MAMP/htdocs/web_examples/Yii/yii/framework/web/CController.php(308): CInlineAction->runWithParams(Array)
#11 /Applications/MAMP/htdocs/web_examples/Yii/yii/framework/web/filters/CFilterChain.php(133): CController->runAction(Object(CInlineAction))
#12 /Applications/MAMP/htdocs/web_examples/Yii/yii/framework/web/filters/CFilter.php(40): CFilterChain->run()
#13 /Applications/MAMP/htdocs/web_examples/Yii/yii/framework/web/CController.php(1145): CFilter->filter(Object(CFilterChain))
#14 /Applications/MAMP/htdocs/web_examples/Yii/yii/framework/web/filters/CInlineFilter.php(58): CController->filterAccessControl(Object(CFilterChain))
#15 /Applications/MAMP/htdocs/web_examples/Yii/yii/framework/web/filters/CFilterChain.php(130): CInlineFilter->filter(Object(CFilterChain))
#16 /Applications/MAMP/htdocs/web_examples/Yii/yii/framework/web/CController.php(291): CFilterChain->run()
#17 /Applications/MAMP/htdocs/web_examples/Yii/yii/framework/web/CController.php(265): CController->runActionWithFilters(Object(CInlineAction), Array)
#18 /Applications/MAMP/htdocs/web_examples/Yii/yii/framework/web/CWebApplication.php(282): CController->run('')
#19 /Applications/MAMP/htdocs/web_examples/Yii/yii/framework/web/CWebApplication.php(141): CWebApplication->runController('project')
#20 /Applications/MAMP/htdocs/web_examples/Yii/yii/framework/base/CApplication.php(169): CWebApplication->processRequest()
#21 /Applications/MAMP/htdocs/web_examples/Yii/trackstar/index.php(13): CApplication->run()
#22 {main}
REQUEST_URI=/Yii/trackstar/index.php?r=project
---
