2013/07/27 23:14:50 [error] [exception.CHttpException.400] exception 'CHttpException' with message 'Your request is invalid.' in /Applications/MAMP/htdocs/web_examples/Yii/yii/framework/web/CController.php:336
Stack trace:
#0 /Applications/MAMP/htdocs/web_examples/Yii/yii/framework/web/CController.php(309): CController->invalidActionParams(Object(CInlineAction))
#1 /Applications/MAMP/htdocs/web_examples/Yii/yii/framework/web/filters/CFilterChain.php(133): CController->runAction(Object(CInlineAction))
#2 /Applications/MAMP/htdocs/web_examples/Yii/yii/framework/web/filters/CFilter.php(40): CFilterChain->run()
#3 /Applications/MAMP/htdocs/web_examples/Yii/yii/framework/web/CController.php(1145): CFilter->filter(Object(CFilterChain))
#4 /Applications/MAMP/htdocs/web_examples/Yii/yii/framework/web/filters/CInlineFilter.php(58): CController->filterAccessControl(Object(CFilterChain))
#5 /Applications/MAMP/htdocs/web_examples/Yii/yii/framework/web/filters/CFilterChain.php(130): CInlineFilter->filter(Object(CFilterChain))
#6 /Applications/MAMP/htdocs/web_examples/Yii/yii/framework/web/CController.php(291): CFilterChain->run()
#7 /Applications/MAMP/htdocs/web_examples/Yii/yii/framework/web/CController.php(265): CController->runActionWithFilters(Object(CInlineAction), Array)
#8 /Applications/MAMP/htdocs/web_examples/Yii/yii/framework/web/CWebApplication.php(282): CController->run('view')
#9 /Applications/MAMP/htdocs/web_examples/Yii/yii/framework/web/CWebApplication.php(141): CWebApplication->runController('Vehicle/view')
#10 /Applications/MAMP/htdocs/web_examples/Yii/yii/framework/base/CApplication.php(169): CWebApplication->processRequest()
#11 /Applications/MAMP/htdocs/web_examples/Yii/vehicles/index.php(13): CApplication->run()
#12 {main}
REQUEST_URI=/Yii/vehicles/index.php/Vehicle/view
---
2013/07/27 23:15:54 [error] [exception.CHttpException.404] exception 'CHttpException' with message 'The system is unable to find the requested action "_form".' in /Applications/MAMP/htdocs/web_examples/Yii/yii/framework/web/CController.php:483
Stack trace:
#0 /Applications/MAMP/htdocs/web_examples/Yii/yii/framework/web/CController.php(270): CController->missingAction('_form')
#1 /Applications/MAMP/htdocs/web_examples/Yii/yii/framework/web/CWebApplication.php(282): CController->run('_form')
#2 /Applications/MAMP/htdocs/web_examples/Yii/yii/framework/web/CWebApplication.php(141): CWebApplication->runController('Vehicle/_form')
#3 /Applications/MAMP/htdocs/web_examples/Yii/yii/framework/base/CApplication.php(169): CWebApplication->processRequest()
#4 /Applications/MAMP/htdocs/web_examples/Yii/vehicles/index.php(13): CApplication->run()
#5 {main}
REQUEST_URI=/Yii/vehicles/index.php/Vehicle/_form
---
2013/07/27 23:16:03 [error] [exception.CHttpException.400] exception 'CHttpException' with message 'Your request is invalid.' in /Applications/MAMP/htdocs/web_examples/Yii/yii/framework/web/CController.php:336
Stack trace:
#0 /Applications/MAMP/htdocs/web_examples/Yii/yii/framework/web/CController.php(309): CController->invalidActionParams(Object(CInlineAction))
#1 /Applications/MAMP/htdocs/web_examples/Yii/yii/framework/web/filters/CFilterChain.php(133): CController->runAction(Object(CInlineAction))
#2 /Applications/MAMP/htdocs/web_examples/Yii/yii/framework/web/filters/CFilter.php(40): CFilterChain->run()
#3 /Applications/MAMP/htdocs/web_examples/Yii/yii/framework/web/CController.php(1145): CFilter->filter(Object(CFilterChain))
#4 /Applications/MAMP/htdocs/web_examples/Yii/yii/framework/web/filters/CInlineFilter.php(58): CController->filterAccessControl(Object(CFilterChain))
#5 /Applications/MAMP/htdocs/web_examples/Yii/yii/framework/web/filters/CFilterChain.php(130): CInlineFilter->filter(Object(CFilterChain))
#6 /Applications/MAMP/htdocs/web_examples/Yii/yii/framework/web/CController.php(291): CFilterChain->run()
#7 /Applications/MAMP/htdocs/web_examples/Yii/yii/framework/web/CController.php(265): CController->runActionWithFilters(Object(CInlineAction), Array)
#8 /Applications/MAMP/htdocs/web_examples/Yii/yii/framework/web/CWebApplication.php(282): CController->run('update')
#9 /Applications/MAMP/htdocs/web_examples/Yii/yii/framework/web/CWebApplication.php(141): CWebApplication->runController('Vehicle/update')
#10 /Applications/MAMP/htdocs/web_examples/Yii/yii/framework/base/CApplication.php(169): CWebApplication->processRequest()
#11 /Applications/MAMP/htdocs/web_examples/Yii/vehicles/index.php(13): CApplication->run()
#12 {main}
REQUEST_URI=/Yii/vehicles/index.php/Vehicle/update
---
2013/07/27 23:16:06 [error] [exception.CHttpException.400] exception 'CHttpException' with message 'Your request is invalid.' in /Applications/MAMP/htdocs/web_examples/Yii/yii/framework/web/CController.php:336
Stack trace:
#0 /Applications/MAMP/htdocs/web_examples/Yii/yii/framework/web/CController.php(309): CController->invalidActionParams(Object(CInlineAction))
#1 /Applications/MAMP/htdocs/web_examples/Yii/yii/framework/web/filters/CFilterChain.php(133): CController->runAction(Object(CInlineAction))
#2 /Applications/MAMP/htdocs/web_examples/Yii/yii/framework/web/filters/CFilter.php(40): CFilterChain->run()
#3 /Applications/MAMP/htdocs/web_examples/Yii/yii/framework/web/CController.php(1145): CFilter->filter(Object(CFilterChain))
#4 /Applications/MAMP/htdocs/web_examples/Yii/yii/framework/web/filters/CInlineFilter.php(58): CController->filterAccessControl(Object(CFilterChain))
#5 /Applications/MAMP/htdocs/web_examples/Yii/yii/framework/web/filters/CFilterChain.php(130): CInlineFilter->filter(Object(CFilterChain))
#6 /Applications/MAMP/htdocs/web_examples/Yii/yii/framework/web/CController.php(291): CFilterChain->run()
#7 /Applications/MAMP/htdocs/web_examples/Yii/yii/framework/web/CController.php(265): CController->runActionWithFilters(Object(CInlineAction), Array)
#8 /Applications/MAMP/htdocs/web_examples/Yii/yii/framework/web/CWebApplication.php(282): CController->run('Update')
#9 /Applications/MAMP/htdocs/web_examples/Yii/yii/framework/web/CWebApplication.php(141): CWebApplication->runController('Vehicle/Update')
#10 /Applications/MAMP/htdocs/web_examples/Yii/yii/framework/base/CApplication.php(169): CWebApplication->processRequest()
#11 /Applications/MAMP/htdocs/web_examples/Yii/vehicles/index.php(13): CApplication->run()
#12 {main}
REQUEST_URI=/Yii/vehicles/index.php/Vehicle/Update
---
2013/07/27 23:16:10 [error] [exception.CHttpException.400] exception 'CHttpException' with message 'Your request is invalid.' in /Applications/MAMP/htdocs/web_examples/Yii/yii/framework/web/CController.php:336
Stack trace:
#0 /Applications/MAMP/htdocs/web_examples/Yii/yii/framework/web/CController.php(309): CController->invalidActionParams(Object(CInlineAction))
#1 /Applications/MAMP/htdocs/web_examples/Yii/yii/framework/web/filters/CFilterChain.php(133): CController->runAction(Object(CInlineAction))
#2 /Applications/MAMP/htdocs/web_examples/Yii/yii/framework/web/filters/CFilter.php(40): CFilterChain->run()
#3 /Applications/MAMP/htdocs/web_examples/Yii/yii/framework/web/CController.php(1145): CFilter->filter(Object(CFilterChain))
#4 /Applications/MAMP/htdocs/web_examples/Yii/yii/framework/web/filters/CInlineFilter.php(58): CController->filterAccessControl(Object(CFilterChain))
#5 /Applications/MAMP/htdocs/web_examples/Yii/yii/framework/web/filters/CFilterChain.php(130): CInlineFilter->filter(Object(CFilterChain))
#6 /Applications/MAMP/htdocs/web_examples/Yii/yii/framework/web/CController.php(291): CFilterChain->run()
#7 /Applications/MAMP/htdocs/web_examples/Yii/yii/framework/web/CController.php(265): CController->runActionWithFilters(Object(CInlineAction), Array)
#8 /Applications/MAMP/htdocs/web_examples/Yii/yii/framework/web/CWebApplication.php(282): CController->run('View')
#9 /Applications/MAMP/htdocs/web_examples/Yii/yii/framework/web/CWebApplication.php(141): CWebApplication->runController('Vehicle/View')
#10 /Applications/MAMP/htdocs/web_examples/Yii/yii/framework/base/CApplication.php(169): CWebApplication->processRequest()
#11 /Applications/MAMP/htdocs/web_examples/Yii/vehicles/index.php(13): CApplication->run()
#12 {main}
REQUEST_URI=/Yii/vehicles/index.php/Vehicle/View
---
2013/07/27 23:17:24 [error] [php] Undefined variable: registration_number (/Applications/MAMP/htdocs/web_examples/Yii/vehicles/protected/controllers/VehicleController.php:176)
Stack trace:
#0 /Applications/MAMP/htdocs/web_examples/Yii/yii/framework/web/filters/CFilterChain.php(133): VehicleController->runAction()
#1 /Applications/MAMP/htdocs/web_examples/Yii/yii/framework/web/filters/CFilter.php(40): CFilterChain->run()
#2 /Applications/MAMP/htdocs/web_examples/Yii/yii/framework/web/CController.php(1145): CAccessControlFilter->filter()
#3 /Applications/MAMP/htdocs/web_examples/Yii/yii/framework/web/filters/CInlineFilter.php(58): VehicleController->filterAccessControl()
#4 /Applications/MAMP/htdocs/web_examples/Yii/yii/framework/web/filters/CFilterChain.php(130): CInlineFilter->filter()
#5 /Applications/MAMP/htdocs/web_examples/Yii/yii/framework/web/CController.php(291): CFilterChain->run()
#6 /Applications/MAMP/htdocs/web_examples/Yii/yii/framework/web/CController.php(265): VehicleController->runActionWithFilters()
#7 /Applications/MAMP/htdocs/web_examples/Yii/yii/framework/web/CWebApplication.php(282): VehicleController->run()
#8 /Applications/MAMP/htdocs/web_examples/Yii/yii/framework/web/CWebApplication.php(141): CWebApplication->runController()
#9 /Applications/MAMP/htdocs/web_examples/Yii/yii/framework/base/CApplication.php(169): CWebApplication->processRequest()
#10 /Applications/MAMP/htdocs/web_examples/Yii/vehicles/index.php(13): CWebApplication->run()
REQUEST_URI=/Yii/vehicles/index.php/vehicle/hpiCheck
in /Applications/MAMP/htdocs/web_examples/Yii/vehicles/protected/controllers/VehicleController.php (176)
in /Applications/MAMP/htdocs/web_examples/Yii/vehicles/index.php (13)
2013/07/27 23:19:02 [error] [php] Undefined variable: registration_number (/Applications/MAMP/htdocs/web_examples/Yii/vehicles/protected/controllers/VehicleController.php:176)
Stack trace:
#0 /Applications/MAMP/htdocs/web_examples/Yii/yii/framework/web/filters/CFilterChain.php(133): VehicleController->runAction()
#1 /Applications/MAMP/htdocs/web_examples/Yii/yii/framework/web/filters/CFilter.php(40): CFilterChain->run()
#2 /Applications/MAMP/htdocs/web_examples/Yii/yii/framework/web/CController.php(1145): CAccessControlFilter->filter()
#3 /Applications/MAMP/htdocs/web_examples/Yii/yii/framework/web/filters/CInlineFilter.php(58): VehicleController->filterAccessControl()
#4 /Applications/MAMP/htdocs/web_examples/Yii/yii/framework/web/filters/CFilterChain.php(130): CInlineFilter->filter()
#5 /Applications/MAMP/htdocs/web_examples/Yii/yii/framework/web/CController.php(291): CFilterChain->run()
#6 /Applications/MAMP/htdocs/web_examples/Yii/yii/framework/web/CController.php(265): VehicleController->runActionWithFilters()
#7 /Applications/MAMP/htdocs/web_examples/Yii/yii/framework/web/CWebApplication.php(282): VehicleController->run()
#8 /Applications/MAMP/htdocs/web_examples/Yii/yii/framework/web/CWebApplication.php(141): CWebApplication->runController()
#9 /Applications/MAMP/htdocs/web_examples/Yii/yii/framework/base/CApplication.php(169): CWebApplication->processRequest()
#10 /Applications/MAMP/htdocs/web_examples/Yii/vehicles/index.php(13): CWebApplication->run()
REQUEST_URI=/Yii/vehicles/index.php/vehicle/hpiCheck
in /Applications/MAMP/htdocs/web_examples/Yii/vehicles/protected/controllers/VehicleController.php (176)
in /Applications/MAMP/htdocs/web_examples/Yii/vehicles/index.php (13)
2013/07/27 23:19:03 [error] [php] Undefined variable: registration_number (/Applications/MAMP/htdocs/web_examples/Yii/vehicles/protected/controllers/VehicleController.php:176)
Stack trace:
#0 /Applications/MAMP/htdocs/web_examples/Yii/yii/framework/web/filters/CFilterChain.php(133): VehicleController->runAction()
#1 /Applications/MAMP/htdocs/web_examples/Yii/yii/framework/web/filters/CFilter.php(40): CFilterChain->run()
#2 /Applications/MAMP/htdocs/web_examples/Yii/yii/framework/web/CController.php(1145): CAccessControlFilter->filter()
#3 /Applications/MAMP/htdocs/web_examples/Yii/yii/framework/web/filters/CInlineFilter.php(58): VehicleController->filterAccessControl()
#4 /Applications/MAMP/htdocs/web_examples/Yii/yii/framework/web/filters/CFilterChain.php(130): CInlineFilter->filter()
#5 /Applications/MAMP/htdocs/web_examples/Yii/yii/framework/web/CController.php(291): CFilterChain->run()
#6 /Applications/MAMP/htdocs/web_examples/Yii/yii/framework/web/CController.php(265): VehicleController->runActionWithFilters()
#7 /Applications/MAMP/htdocs/web_examples/Yii/yii/framework/web/CWebApplication.php(282): VehicleController->run()
#8 /Applications/MAMP/htdocs/web_examples/Yii/yii/framework/web/CWebApplication.php(141): CWebApplication->runController()
#9 /Applications/MAMP/htdocs/web_examples/Yii/yii/framework/base/CApplication.php(169): CWebApplication->processRequest()
#10 /Applications/MAMP/htdocs/web_examples/Yii/vehicles/index.php(13): CWebApplication->run()
REQUEST_URI=/Yii/vehicles/index.php/vehicle/hpiCheck
in /Applications/MAMP/htdocs/web_examples/Yii/vehicles/protected/controllers/VehicleController.php (176)
in /Applications/MAMP/htdocs/web_examples/Yii/vehicles/index.php (13)
2013/07/27 23:19:03 [error] [php] Undefined variable: registration_number (/Applications/MAMP/htdocs/web_examples/Yii/vehicles/protected/controllers/VehicleController.php:176)
Stack trace:
#0 /Applications/MAMP/htdocs/web_examples/Yii/yii/framework/web/filters/CFilterChain.php(133): VehicleController->runAction()
#1 /Applications/MAMP/htdocs/web_examples/Yii/yii/framework/web/filters/CFilter.php(40): CFilterChain->run()
#2 /Applications/MAMP/htdocs/web_examples/Yii/yii/framework/web/CController.php(1145): CAccessControlFilter->filter()
#3 /Applications/MAMP/htdocs/web_examples/Yii/yii/framework/web/filters/CInlineFilter.php(58): VehicleController->filterAccessControl()
#4 /Applications/MAMP/htdocs/web_examples/Yii/yii/framework/web/filters/CFilterChain.php(130): CInlineFilter->filter()
#5 /Applications/MAMP/htdocs/web_examples/Yii/yii/framework/web/CController.php(291): CFilterChain->run()
#6 /Applications/MAMP/htdocs/web_examples/Yii/yii/framework/web/CController.php(265): VehicleController->runActionWithFilters()
#7 /Applications/MAMP/htdocs/web_examples/Yii/yii/framework/web/CWebApplication.php(282): VehicleController->run()
#8 /Applications/MAMP/htdocs/web_examples/Yii/yii/framework/web/CWebApplication.php(141): CWebApplication->runController()
#9 /Applications/MAMP/htdocs/web_examples/Yii/yii/framework/base/CApplication.php(169): CWebApplication->processRequest()
#10 /Applications/MAMP/htdocs/web_examples/Yii/vehicles/index.php(13): CWebApplication->run()
REQUEST_URI=/Yii/vehicles/index.php/vehicle/hpiCheck
in /Applications/MAMP/htdocs/web_examples/Yii/vehicles/protected/controllers/VehicleController.php (176)
in /Applications/MAMP/htdocs/web_examples/Yii/vehicles/index.php (13)
2013/07/27 23:19:03 [error] [php] Undefined variable: registration_number (/Applications/MAMP/htdocs/web_examples/Yii/vehicles/protected/controllers/VehicleController.php:176)
Stack trace:
#0 /Applications/MAMP/htdocs/web_examples/Yii/yii/framework/web/filters/CFilterChain.php(133): VehicleController->runAction()
#1 /Applications/MAMP/htdocs/web_examples/Yii/yii/framework/web/filters/CFilter.php(40): CFilterChain->run()
#2 /Applications/MAMP/htdocs/web_examples/Yii/yii/framework/web/CController.php(1145): CAccessControlFilter->filter()
#3 /Applications/MAMP/htdocs/web_examples/Yii/yii/framework/web/filters/CInlineFilter.php(58): VehicleController->filterAccessControl()
#4 /Applications/MAMP/htdocs/web_examples/Yii/yii/framework/web/filters/CFilterChain.php(130): CInlineFilter->filter()
#5 /Applications/MAMP/htdocs/web_examples/Yii/yii/framework/web/CController.php(291): CFilterChain->run()
#6 /Applications/MAMP/htdocs/web_examples/Yii/yii/framework/web/CController.php(265): VehicleController->runActionWithFilters()
#7 /Applications/MAMP/htdocs/web_examples/Yii/yii/framework/web/CWebApplication.php(282): VehicleController->run()
#8 /Applications/MAMP/htdocs/web_examples/Yii/yii/framework/web/CWebApplication.php(141): CWebApplication->runController()
#9 /Applications/MAMP/htdocs/web_examples/Yii/yii/framework/base/CApplication.php(169): CWebApplication->processRequest()
#10 /Applications/MAMP/htdocs/web_examples/Yii/vehicles/index.php(13): CWebApplication->run()
REQUEST_URI=/Yii/vehicles/index.php/vehicle/hpiCheck
in /Applications/MAMP/htdocs/web_examples/Yii/vehicles/protected/controllers/VehicleController.php (176)
in /Applications/MAMP/htdocs/web_examples/Yii/vehicles/index.php (13)
2013/07/27 23:19:13 [error] [php] Undefined variable: registration_number (/Applications/MAMP/htdocs/web_examples/Yii/vehicles/protected/controllers/VehicleController.php:176)
Stack trace:
#0 /Applications/MAMP/htdocs/web_examples/Yii/yii/framework/web/filters/CFilterChain.php(133): VehicleController->runAction()
#1 /Applications/MAMP/htdocs/web_examples/Yii/yii/framework/web/filters/CFilter.php(40): CFilterChain->run()
#2 /Applications/MAMP/htdocs/web_examples/Yii/yii/framework/web/CController.php(1145): CAccessControlFilter->filter()
#3 /Applications/MAMP/htdocs/web_examples/Yii/yii/framework/web/filters/CInlineFilter.php(58): VehicleController->filterAccessControl()
#4 /Applications/MAMP/htdocs/web_examples/Yii/yii/framework/web/filters/CFilterChain.php(130): CInlineFilter->filter()
#5 /Applications/MAMP/htdocs/web_examples/Yii/yii/framework/web/CController.php(291): CFilterChain->run()
#6 /Applications/MAMP/htdocs/web_examples/Yii/yii/framework/web/CController.php(265): VehicleController->runActionWithFilters()
#7 /Applications/MAMP/htdocs/web_examples/Yii/yii/framework/web/CWebApplication.php(282): VehicleController->run()
#8 /Applications/MAMP/htdocs/web_examples/Yii/yii/framework/web/CWebApplication.php(141): CWebApplication->runController()
#9 /Applications/MAMP/htdocs/web_examples/Yii/yii/framework/base/CApplication.php(169): CWebApplication->processRequest()
#10 /Applications/MAMP/htdocs/web_examples/Yii/vehicles/index.php(13): CWebApplication->run()
REQUEST_URI=/Yii/vehicles/index.php/vehicle/hpiCheck
in /Applications/MAMP/htdocs/web_examples/Yii/vehicles/protected/controllers/VehicleController.php (176)
in /Applications/MAMP/htdocs/web_examples/Yii/vehicles/index.php (13)
2013/07/27 23:19:13 [error] [php] Undefined variable: registration_number (/Applications/MAMP/htdocs/web_examples/Yii/vehicles/protected/controllers/VehicleController.php:176)
Stack trace:
#0 /Applications/MAMP/htdocs/web_examples/Yii/yii/framework/web/filters/CFilterChain.php(133): VehicleController->runAction()
#1 /Applications/MAMP/htdocs/web_examples/Yii/yii/framework/web/filters/CFilter.php(40): CFilterChain->run()
#2 /Applications/MAMP/htdocs/web_examples/Yii/yii/framework/web/CController.php(1145): CAccessControlFilter->filter()
#3 /Applications/MAMP/htdocs/web_examples/Yii/yii/framework/web/filters/CInlineFilter.php(58): VehicleController->filterAccessControl()
#4 /Applications/MAMP/htdocs/web_examples/Yii/yii/framework/web/filters/CFilterChain.php(130): CInlineFilter->filter()
#5 /Applications/MAMP/htdocs/web_examples/Yii/yii/framework/web/CController.php(291): CFilterChain->run()
#6 /Applications/MAMP/htdocs/web_examples/Yii/yii/framework/web/CController.php(265): VehicleController->runActionWithFilters()
#7 /Applications/MAMP/htdocs/web_examples/Yii/yii/framework/web/CWebApplication.php(282): VehicleController->run()
#8 /Applications/MAMP/htdocs/web_examples/Yii/yii/framework/web/CWebApplication.php(141): CWebApplication->runController()
#9 /Applications/MAMP/htdocs/web_examples/Yii/yii/framework/base/CApplication.php(169): CWebApplication->processRequest()
#10 /Applications/MAMP/htdocs/web_examples/Yii/vehicles/index.php(13): CWebApplication->run()
REQUEST_URI=/Yii/vehicles/index.php/vehicle/hpiCheck
in /Applications/MAMP/htdocs/web_examples/Yii/vehicles/protected/controllers/VehicleController.php (176)
in /Applications/MAMP/htdocs/web_examples/Yii/vehicles/index.php (13)
2013/07/27 23:19:13 [error] [php] Undefined variable: registration_number (/Applications/MAMP/htdocs/web_examples/Yii/vehicles/protected/controllers/VehicleController.php:176)
Stack trace:
#0 /Applications/MAMP/htdocs/web_examples/Yii/yii/framework/web/filters/CFilterChain.php(133): VehicleController->runAction()
#1 /Applications/MAMP/htdocs/web_examples/Yii/yii/framework/web/filters/CFilter.php(40): CFilterChain->run()
#2 /Applications/MAMP/htdocs/web_examples/Yii/yii/framework/web/CController.php(1145): CAccessControlFilter->filter()
#3 /Applications/MAMP/htdocs/web_examples/Yii/yii/framework/web/filters/CInlineFilter.php(58): VehicleController->filterAccessControl()
#4 /Applications/MAMP/htdocs/web_examples/Yii/yii/framework/web/filters/CFilterChain.php(130): CInlineFilter->filter()
#5 /Applications/MAMP/htdocs/web_examples/Yii/yii/framework/web/CController.php(291): CFilterChain->run()
#6 /Applications/MAMP/htdocs/web_examples/Yii/yii/framework/web/CController.php(265): VehicleController->runActionWithFilters()
#7 /Applications/MAMP/htdocs/web_examples/Yii/yii/framework/web/CWebApplication.php(282): VehicleController->run()
#8 /Applications/MAMP/htdocs/web_examples/Yii/yii/framework/web/CWebApplication.php(141): CWebApplication->runController()
#9 /Applications/MAMP/htdocs/web_examples/Yii/yii/framework/base/CApplication.php(169): CWebApplication->processRequest()
#10 /Applications/MAMP/htdocs/web_examples/Yii/vehicles/index.php(13): CWebApplication->run()
REQUEST_URI=/Yii/vehicles/index.php/vehicle/hpiCheck
in /Applications/MAMP/htdocs/web_examples/Yii/vehicles/protected/controllers/VehicleController.php (176)
in /Applications/MAMP/htdocs/web_examples/Yii/vehicles/index.php (13)
2013/07/27 23:19:13 [error] [php] Undefined variable: registration_number (/Applications/MAMP/htdocs/web_examples/Yii/vehicles/protected/controllers/VehicleController.php:176)
Stack trace:
#0 /Applications/MAMP/htdocs/web_examples/Yii/yii/framework/web/filters/CFilterChain.php(133): VehicleController->runAction()
#1 /Applications/MAMP/htdocs/web_examples/Yii/yii/framework/web/filters/CFilter.php(40): CFilterChain->run()
#2 /Applications/MAMP/htdocs/web_examples/Yii/yii/framework/web/CController.php(1145): CAccessControlFilter->filter()
#3 /Applications/MAMP/htdocs/web_examples/Yii/yii/framework/web/filters/CInlineFilter.php(58): VehicleController->filterAccessControl()
#4 /Applications/MAMP/htdocs/web_examples/Yii/yii/framework/web/filters/CFilterChain.php(130): CInlineFilter->filter()
#5 /Applications/MAMP/htdocs/web_examples/Yii/yii/framework/web/CController.php(291): CFilterChain->run()
#6 /Applications/MAMP/htdocs/web_examples/Yii/yii/framework/web/CController.php(265): VehicleController->runActionWithFilters()
#7 /Applications/MAMP/htdocs/web_examples/Yii/yii/framework/web/CWebApplication.php(282): VehicleController->run()
#8 /Applications/MAMP/htdocs/web_examples/Yii/yii/framework/web/CWebApplication.php(141): CWebApplication->runController()
#9 /Applications/MAMP/htdocs/web_examples/Yii/yii/framework/base/CApplication.php(169): CWebApplication->processRequest()
#10 /Applications/MAMP/htdocs/web_examples/Yii/vehicles/index.php(13): CWebApplication->run()
REQUEST_URI=/Yii/vehicles/index.php/vehicle/hpiCheck
in /Applications/MAMP/htdocs/web_examples/Yii/vehicles/protected/controllers/VehicleController.php (176)
in /Applications/MAMP/htdocs/web_examples/Yii/vehicles/index.php (13)
2013/07/27 23:19:25 [error] [php] Undefined variable: registration_number (/Applications/MAMP/htdocs/web_examples/Yii/vehicles/protected/controllers/VehicleController.php:176)
Stack trace:
#0 /Applications/MAMP/htdocs/web_examples/Yii/yii/framework/web/filters/CFilterChain.php(133): VehicleController->runAction()
#1 /Applications/MAMP/htdocs/web_examples/Yii/yii/framework/web/filters/CFilter.php(40): CFilterChain->run()
#2 /Applications/MAMP/htdocs/web_examples/Yii/yii/framework/web/CController.php(1145): CAccessControlFilter->filter()
#3 /Applications/MAMP/htdocs/web_examples/Yii/yii/framework/web/filters/CInlineFilter.php(58): VehicleController->filterAccessControl()
#4 /Applications/MAMP/htdocs/web_examples/Yii/yii/framework/web/filters/CFilterChain.php(130): CInlineFilter->filter()
#5 /Applications/MAMP/htdocs/web_examples/Yii/yii/framework/web/CController.php(291): CFilterChain->run()
#6 /Applications/MAMP/htdocs/web_examples/Yii/yii/framework/web/CController.php(265): VehicleController->runActionWithFilters()
#7 /Applications/MAMP/htdocs/web_examples/Yii/yii/framework/web/CWebApplication.php(282): VehicleController->run()
#8 /Applications/MAMP/htdocs/web_examples/Yii/yii/framework/web/CWebApplication.php(141): CWebApplication->runController()
#9 /Applications/MAMP/htdocs/web_examples/Yii/yii/framework/base/CApplication.php(169): CWebApplication->processRequest()
#10 /Applications/MAMP/htdocs/web_examples/Yii/vehicles/index.php(13): CWebApplication->run()
REQUEST_URI=/Yii/vehicles/index.php/vehicle/hpiCheck
in /Applications/MAMP/htdocs/web_examples/Yii/vehicles/protected/controllers/VehicleController.php (176)
in /Applications/MAMP/htdocs/web_examples/Yii/vehicles/index.php (13)
2013/07/27 23:19:25 [error] [php] Undefined variable: registration_number (/Applications/MAMP/htdocs/web_examples/Yii/vehicles/protected/controllers/VehicleController.php:176)
Stack trace:
#0 /Applications/MAMP/htdocs/web_examples/Yii/yii/framework/web/filters/CFilterChain.php(133): VehicleController->runAction()
#1 /Applications/MAMP/htdocs/web_examples/Yii/yii/framework/web/filters/CFilter.php(40): CFilterChain->run()
#2 /Applications/MAMP/htdocs/web_examples/Yii/yii/framework/web/CController.php(1145): CAccessControlFilter->filter()
#3 /Applications/MAMP/htdocs/web_examples/Yii/yii/framework/web/filters/CInlineFilter.php(58): VehicleController->filterAccessControl()
#4 /Applications/MAMP/htdocs/web_examples/Yii/yii/framework/web/filters/CFilterChain.php(130): CInlineFilter->filter()
#5 /Applications/MAMP/htdocs/web_examples/Yii/yii/framework/web/CController.php(291): CFilterChain->run()
#6 /Applications/MAMP/htdocs/web_examples/Yii/yii/framework/web/CController.php(265): VehicleController->runActionWithFilters()
#7 /Applications/MAMP/htdocs/web_examples/Yii/yii/framework/web/CWebApplication.php(282): VehicleController->run()
#8 /Applications/MAMP/htdocs/web_examples/Yii/yii/framework/web/CWebApplication.php(141): CWebApplication->runController()
#9 /Applications/MAMP/htdocs/web_examples/Yii/yii/framework/base/CApplication.php(169): CWebApplication->processRequest()
#10 /Applications/MAMP/htdocs/web_examples/Yii/vehicles/index.php(13): CWebApplication->run()
REQUEST_URI=/Yii/vehicles/index.php/vehicle/hpiCheck
in /Applications/MAMP/htdocs/web_examples/Yii/vehicles/protected/controllers/VehicleController.php (176)
in /Applications/MAMP/htdocs/web_examples/Yii/vehicles/index.php (13)
2013/07/27 23:19:25 [error] [php] Undefined variable: registration_number (/Applications/MAMP/htdocs/web_examples/Yii/vehicles/protected/controllers/VehicleController.php:176)
Stack trace:
#0 /Applications/MAMP/htdocs/web_examples/Yii/yii/framework/web/filters/CFilterChain.php(133): VehicleController->runAction()
#1 /Applications/MAMP/htdocs/web_examples/Yii/yii/framework/web/filters/CFilter.php(40): CFilterChain->run()
#2 /Applications/MAMP/htdocs/web_examples/Yii/yii/framework/web/CController.php(1145): CAccessControlFilter->filter()
#3 /Applications/MAMP/htdocs/web_examples/Yii/yii/framework/web/filters/CInlineFilter.php(58): VehicleController->filterAccessControl()
#4 /Applications/MAMP/htdocs/web_examples/Yii/yii/framework/web/filters/CFilterChain.php(130): CInlineFilter->filter()
#5 /Applications/MAMP/htdocs/web_examples/Yii/yii/framework/web/CController.php(291): CFilterChain->run()
#6 /Applications/MAMP/htdocs/web_examples/Yii/yii/framework/web/CController.php(265): VehicleController->runActionWithFilters()
#7 /Applications/MAMP/htdocs/web_examples/Yii/yii/framework/web/CWebApplication.php(282): VehicleController->run()
#8 /Applications/MAMP/htdocs/web_examples/Yii/yii/framework/web/CWebApplication.php(141): CWebApplication->runController()
#9 /Applications/MAMP/htdocs/web_examples/Yii/yii/framework/base/CApplication.php(169): CWebApplication->processRequest()
#10 /Applications/MAMP/htdocs/web_examples/Yii/vehicles/index.php(13): CWebApplication->run()
REQUEST_URI=/Yii/vehicles/index.php/vehicle/hpiCheck
in /Applications/MAMP/htdocs/web_examples/Yii/vehicles/protected/controllers/VehicleController.php (176)
in /Applications/MAMP/htdocs/web_examples/Yii/vehicles/index.php (13)
2013/07/27 23:19:25 [error] [php] Undefined variable: registration_number (/Applications/MAMP/htdocs/web_examples/Yii/vehicles/protected/controllers/VehicleController.php:176)
Stack trace:
#0 /Applications/MAMP/htdocs/web_examples/Yii/yii/framework/web/filters/CFilterChain.php(133): VehicleController->runAction()
#1 /Applications/MAMP/htdocs/web_examples/Yii/yii/framework/web/filters/CFilter.php(40): CFilterChain->run()
#2 /Applications/MAMP/htdocs/web_examples/Yii/yii/framework/web/CController.php(1145): CAccessControlFilter->filter()
#3 /Applications/MAMP/htdocs/web_examples/Yii/yii/framework/web/filters/CInlineFilter.php(58): VehicleController->filterAccessControl()
#4 /Applications/MAMP/htdocs/web_examples/Yii/yii/framework/web/filters/CFilterChain.php(130): CInlineFilter->filter()
#5 /Applications/MAMP/htdocs/web_examples/Yii/yii/framework/web/CController.php(291): CFilterChain->run()
#6 /Applications/MAMP/htdocs/web_examples/Yii/yii/framework/web/CController.php(265): VehicleController->runActionWithFilters()
#7 /Applications/MAMP/htdocs/web_examples/Yii/yii/framework/web/CWebApplication.php(282): VehicleController->run()
#8 /Applications/MAMP/htdocs/web_examples/Yii/yii/framework/web/CWebApplication.php(141): CWebApplication->runController()
#9 /Applications/MAMP/htdocs/web_examples/Yii/yii/framework/base/CApplication.php(169): CWebApplication->processRequest()
#10 /Applications/MAMP/htdocs/web_examples/Yii/vehicles/index.php(13): CWebApplication->run()
REQUEST_URI=/Yii/vehicles/index.php/vehicle/hpiCheck
in /Applications/MAMP/htdocs/web_examples/Yii/vehicles/protected/controllers/VehicleController.php (176)
in /Applications/MAMP/htdocs/web_examples/Yii/vehicles/index.php (13)
2013/07/27 23:19:39 [error] [php] Undefined variable: registration_number (/Applications/MAMP/htdocs/web_examples/Yii/vehicles/protected/controllers/VehicleController.php:176)
Stack trace:
#0 /Applications/MAMP/htdocs/web_examples/Yii/yii/framework/web/filters/CFilterChain.php(133): VehicleController->runAction()
#1 /Applications/MAMP/htdocs/web_examples/Yii/yii/framework/web/filters/CFilter.php(40): CFilterChain->run()
#2 /Applications/MAMP/htdocs/web_examples/Yii/yii/framework/web/CController.php(1145): CAccessControlFilter->filter()
#3 /Applications/MAMP/htdocs/web_examples/Yii/yii/framework/web/filters/CInlineFilter.php(58): VehicleController->filterAccessControl()
#4 /Applications/MAMP/htdocs/web_examples/Yii/yii/framework/web/filters/CFilterChain.php(130): CInlineFilter->filter()
#5 /Applications/MAMP/htdocs/web_examples/Yii/yii/framework/web/CController.php(291): CFilterChain->run()
#6 /Applications/MAMP/htdocs/web_examples/Yii/yii/framework/web/CController.php(265): VehicleController->runActionWithFilters()
#7 /Applications/MAMP/htdocs/web_examples/Yii/yii/framework/web/CWebApplication.php(282): VehicleController->run()
#8 /Applications/MAMP/htdocs/web_examples/Yii/yii/framework/web/CWebApplication.php(141): CWebApplication->runController()
#9 /Applications/MAMP/htdocs/web_examples/Yii/yii/framework/base/CApplication.php(169): CWebApplication->processRequest()
#10 /Applications/MAMP/htdocs/web_examples/Yii/vehicles/index.php(13): CWebApplication->run()
REQUEST_URI=/Yii/vehicles/index.php/vehicle/hpiCheck
in /Applications/MAMP/htdocs/web_examples/Yii/vehicles/protected/controllers/VehicleController.php (176)
in /Applications/MAMP/htdocs/web_examples/Yii/vehicles/index.php (13)
2013/07/27 23:19:39 [error] [php] Undefined variable: registration_number (/Applications/MAMP/htdocs/web_examples/Yii/vehicles/protected/controllers/VehicleController.php:176)
Stack trace:
#0 /Applications/MAMP/htdocs/web_examples/Yii/yii/framework/web/filters/CFilterChain.php(133): VehicleController->runAction()
#1 /Applications/MAMP/htdocs/web_examples/Yii/yii/framework/web/filters/CFilter.php(40): CFilterChain->run()
#2 /Applications/MAMP/htdocs/web_examples/Yii/yii/framework/web/CController.php(1145): CAccessControlFilter->filter()
#3 /Applications/MAMP/htdocs/web_examples/Yii/yii/framework/web/filters/CInlineFilter.php(58): VehicleController->filterAccessControl()
#4 /Applications/MAMP/htdocs/web_examples/Yii/yii/framework/web/filters/CFilterChain.php(130): CInlineFilter->filter()
#5 /Applications/MAMP/htdocs/web_examples/Yii/yii/framework/web/CController.php(291): CFilterChain->run()
#6 /Applications/MAMP/htdocs/web_examples/Yii/yii/framework/web/CController.php(265): VehicleController->runActionWithFilters()
#7 /Applications/MAMP/htdocs/web_examples/Yii/yii/framework/web/CWebApplication.php(282): VehicleController->run()
#8 /Applications/MAMP/htdocs/web_examples/Yii/yii/framework/web/CWebApplication.php(141): CWebApplication->runController()
#9 /Applications/MAMP/htdocs/web_examples/Yii/yii/framework/base/CApplication.php(169): CWebApplication->processRequest()
#10 /Applications/MAMP/htdocs/web_examples/Yii/vehicles/index.php(13): CWebApplication->run()
REQUEST_URI=/Yii/vehicles/index.php/vehicle/hpiCheck
in /Applications/MAMP/htdocs/web_examples/Yii/vehicles/protected/controllers/VehicleController.php (176)
in /Applications/MAMP/htdocs/web_examples/Yii/vehicles/index.php (13)
2013/07/27 23:19:39 [error] [php] Undefined variable: registration_number (/Applications/MAMP/htdocs/web_examples/Yii/vehicles/protected/controllers/VehicleController.php:176)
Stack trace:
#0 /Applications/MAMP/htdocs/web_examples/Yii/yii/framework/web/filters/CFilterChain.php(133): VehicleController->runAction()
#1 /Applications/MAMP/htdocs/web_examples/Yii/yii/framework/web/filters/CFilter.php(40): CFilterChain->run()
#2 /Applications/MAMP/htdocs/web_examples/Yii/yii/framework/web/CController.php(1145): CAccessControlFilter->filter()
#3 /Applications/MAMP/htdocs/web_examples/Yii/yii/framework/web/filters/CInlineFilter.php(58): VehicleController->filterAccessControl()
#4 /Applications/MAMP/htdocs/web_examples/Yii/yii/framework/web/filters/CFilterChain.php(130): CInlineFilter->filter()
#5 /Applications/MAMP/htdocs/web_examples/Yii/yii/framework/web/CController.php(291): CFilterChain->run()
#6 /Applications/MAMP/htdocs/web_examples/Yii/yii/framework/web/CController.php(265): VehicleController->runActionWithFilters()
#7 /Applications/MAMP/htdocs/web_examples/Yii/yii/framework/web/CWebApplication.php(282): VehicleController->run()
#8 /Applications/MAMP/htdocs/web_examples/Yii/yii/framework/web/CWebApplication.php(141): CWebApplication->runController()
#9 /Applications/MAMP/htdocs/web_examples/Yii/yii/framework/base/CApplication.php(169): CWebApplication->processRequest()
#10 /Applications/MAMP/htdocs/web_examples/Yii/vehicles/index.php(13): CWebApplication->run()
REQUEST_URI=/Yii/vehicles/index.php/vehicle/hpiCheck
in /Applications/MAMP/htdocs/web_examples/Yii/vehicles/protected/controllers/VehicleController.php (176)
in /Applications/MAMP/htdocs/web_examples/Yii/vehicles/index.php (13)
2013/07/27 23:19:40 [error] [php] Undefined variable: registration_number (/Applications/MAMP/htdocs/web_examples/Yii/vehicles/protected/controllers/VehicleController.php:176)
Stack trace:
#0 /Applications/MAMP/htdocs/web_examples/Yii/yii/framework/web/filters/CFilterChain.php(133): VehicleController->runAction()
#1 /Applications/MAMP/htdocs/web_examples/Yii/yii/framework/web/filters/CFilter.php(40): CFilterChain->run()
#2 /Applications/MAMP/htdocs/web_examples/Yii/yii/framework/web/CController.php(1145): CAccessControlFilter->filter()
#3 /Applications/MAMP/htdocs/web_examples/Yii/yii/framework/web/filters/CInlineFilter.php(58): VehicleController->filterAccessControl()
#4 /Applications/MAMP/htdocs/web_examples/Yii/yii/framework/web/filters/CFilterChain.php(130): CInlineFilter->filter()
#5 /Applications/MAMP/htdocs/web_examples/Yii/yii/framework/web/CController.php(291): CFilterChain->run()
#6 /Applications/MAMP/htdocs/web_examples/Yii/yii/framework/web/CController.php(265): VehicleController->runActionWithFilters()
#7 /Applications/MAMP/htdocs/web_examples/Yii/yii/framework/web/CWebApplication.php(282): VehicleController->run()
#8 /Applications/MAMP/htdocs/web_examples/Yii/yii/framework/web/CWebApplication.php(141): CWebApplication->runController()
#9 /Applications/MAMP/htdocs/web_examples/Yii/yii/framework/base/CApplication.php(169): CWebApplication->processRequest()
#10 /Applications/MAMP/htdocs/web_examples/Yii/vehicles/index.php(13): CWebApplication->run()
REQUEST_URI=/Yii/vehicles/index.php/vehicle/hpiCheck
in /Applications/MAMP/htdocs/web_examples/Yii/vehicles/protected/controllers/VehicleController.php (176)
in /Applications/MAMP/htdocs/web_examples/Yii/vehicles/index.php (13)
2013/07/27 23:20:16 [error] [php] Creating default object from empty value (/Applications/MAMP/htdocs/web_examples/Yii/vehicles/protected/controllers/VehicleController.php:192)
Stack trace:
#0 /Applications/MAMP/htdocs/web_examples/Yii/yii/framework/web/filters/CFilterChain.php(133): VehicleController->runAction()
#1 /Applications/MAMP/htdocs/web_examples/Yii/yii/framework/web/filters/CFilter.php(40): CFilterChain->run()
#2 /Applications/MAMP/htdocs/web_examples/Yii/yii/framework/web/CController.php(1145): CAccessControlFilter->filter()
#3 /Applications/MAMP/htdocs/web_examples/Yii/yii/framework/web/filters/CInlineFilter.php(58): VehicleController->filterAccessControl()
#4 /Applications/MAMP/htdocs/web_examples/Yii/yii/framework/web/filters/CFilterChain.php(130): CInlineFilter->filter()
#5 /Applications/MAMP/htdocs/web_examples/Yii/yii/framework/web/CController.php(291): CFilterChain->run()
#6 /Applications/MAMP/htdocs/web_examples/Yii/yii/framework/web/CController.php(265): VehicleController->runActionWithFilters()
#7 /Applications/MAMP/htdocs/web_examples/Yii/yii/framework/web/CWebApplication.php(282): VehicleController->run()
#8 /Applications/MAMP/htdocs/web_examples/Yii/yii/framework/web/CWebApplication.php(141): CWebApplication->runController()
#9 /Applications/MAMP/htdocs/web_examples/Yii/yii/framework/base/CApplication.php(169): CWebApplication->processRequest()
#10 /Applications/MAMP/htdocs/web_examples/Yii/vehicles/index.php(13): CWebApplication->run()
REQUEST_URI=/Yii/vehicles/index.php/vehicle/hpiCheck
in /Applications/MAMP/htdocs/web_examples/Yii/vehicles/protected/controllers/VehicleController.php (192)
in /Applications/MAMP/htdocs/web_examples/Yii/vehicles/index.php (13)
2013/07/27 23:20:22 [error] [system.db.CDbCommand] CDbCommand::execute() failed: SQLSTATE[23000]: Integrity constraint violation: 1452 Cannot add or update a child row: a foreign key constraint fails (`vehicle`.`dms_vehicle`, CONSTRAINT `dms_vehicle_ibfk_1` FOREIGN KEY (`id`) REFERENCES `dms_vehicle_colour` (`id`) ON DELETE NO ACTION ON UPDATE NO ACTION). The SQL statement executed was: INSERT INTO `dms_vehicle` (`registration_number`, `vehicle_make_id`, `vehicle_model_id`, `vehicle_colour_id`) VALUES (:yp0, :yp1, :yp2, :yp3).
in /Applications/MAMP/htdocs/web_examples/Yii/vehicles/protected/controllers/VehicleController.php (70)
in /Applications/MAMP/htdocs/web_examples/Yii/vehicles/index.php (13)
2013/07/27 23:20:22 [error] [exception.CDbException] exception 'CDbException' with message 'CDbCommand failed to execute the SQL statement: SQLSTATE[23000]: Integrity constraint violation: 1452 Cannot add or update a child row: a foreign key constraint fails (`vehicle`.`dms_vehicle`, CONSTRAINT `dms_vehicle_ibfk_1` FOREIGN KEY (`id`) REFERENCES `dms_vehicle_colour` (`id`) ON DELETE NO ACTION ON UPDATE NO ACTION). The SQL statement executed was: INSERT INTO `dms_vehicle` (`registration_number`, `vehicle_make_id`, `vehicle_model_id`, `vehicle_colour_id`) VALUES (:yp0, :yp1, :yp2, :yp3)' in /Applications/MAMP/htdocs/web_examples/Yii/yii/framework/db/CDbCommand.php:357
Stack trace:
#0 /Applications/MAMP/htdocs/web_examples/Yii/yii/framework/db/ar/CActiveRecord.php(1023): CDbCommand->execute()
#1 /Applications/MAMP/htdocs/web_examples/Yii/yii/framework/db/ar/CActiveRecord.php(795): CActiveRecord->insert(NULL)
#2 /Applications/MAMP/htdocs/web_examples/Yii/vehicles/protected/controllers/VehicleController.php(70): CActiveRecord->save()
#3 /Applications/MAMP/htdocs/web_examples/Yii/yii/framework/web/actions/CInlineAction.php(49): VehicleController->actionCreate()
#4 /Applications/MAMP/htdocs/web_examples/Yii/yii/framework/web/CController.php(308): CInlineAction->runWithParams(Array)
#5 /Applications/MAMP/htdocs/web_examples/Yii/yii/framework/web/filters/CFilterChain.php(133): CController->runAction(Object(CInlineAction))
#6 /Applications/MAMP/htdocs/web_examples/Yii/yii/framework/web/filters/CFilter.php(40): CFilterChain->run()
#7 /Applications/MAMP/htdocs/web_examples/Yii/yii/framework/web/CController.php(1145): CFilter->filter(Object(CFilterChain))
#8 /Applications/MAMP/htdocs/web_examples/Yii/yii/framework/web/filters/CInlineFilter.php(58): CController->filterAccessControl(Object(CFilterChain))
#9 /Applications/MAMP/htdocs/web_examples/Yii/yii/framework/web/filters/CFilterChain.php(130): CInlineFilter->filter(Object(CFilterChain))
#10 /Applications/MAMP/htdocs/web_examples/Yii/yii/framework/web/CController.php(291): CFilterChain->run()
#11 /Applications/MAMP/htdocs/web_examples/Yii/yii/framework/web/CController.php(265): CController->runActionWithFilters(Object(CInlineAction), Array)
#12 /Applications/MAMP/htdocs/web_examples/Yii/yii/framework/web/CWebApplication.php(282): CController->run('create')
#13 /Applications/MAMP/htdocs/web_examples/Yii/yii/framework/web/CWebApplication.php(141): CWebApplication->runController('Vehicle/create')
#14 /Applications/MAMP/htdocs/web_examples/Yii/yii/framework/base/CApplication.php(169): CWebApplication->processRequest()
#15 /Applications/MAMP/htdocs/web_examples/Yii/vehicles/index.php(13): CApplication->run()
#16 {main}
REQUEST_URI=/Yii/vehicles/index.php/Vehicle/create
HTTP_REFERER=http://localhost:8888/Yii/vehicles/index.php/Vehicle/create
---
2013/07/27 23:20:26 [error] [php] Creating default object from empty value (/Applications/MAMP/htdocs/web_examples/Yii/vehicles/protected/controllers/VehicleController.php:192)
Stack trace:
#0 /Applications/MAMP/htdocs/web_examples/Yii/yii/framework/web/filters/CFilterChain.php(133): VehicleController->runAction()
#1 /Applications/MAMP/htdocs/web_examples/Yii/yii/framework/web/filters/CFilter.php(40): CFilterChain->run()
#2 /Applications/MAMP/htdocs/web_examples/Yii/yii/framework/web/CController.php(1145): CAccessControlFilter->filter()
#3 /Applications/MAMP/htdocs/web_examples/Yii/yii/framework/web/filters/CInlineFilter.php(58): VehicleController->filterAccessControl()
#4 /Applications/MAMP/htdocs/web_examples/Yii/yii/framework/web/filters/CFilterChain.php(130): CInlineFilter->filter()
#5 /Applications/MAMP/htdocs/web_examples/Yii/yii/framework/web/CController.php(291): CFilterChain->run()
#6 /Applications/MAMP/htdocs/web_examples/Yii/yii/framework/web/CController.php(265): VehicleController->runActionWithFilters()
#7 /Applications/MAMP/htdocs/web_examples/Yii/yii/framework/web/CWebApplication.php(282): VehicleController->run()
#8 /Applications/MAMP/htdocs/web_examples/Yii/yii/framework/web/CWebApplication.php(141): CWebApplication->runController()
#9 /Applications/MAMP/htdocs/web_examples/Yii/yii/framework/base/CApplication.php(169): CWebApplication->processRequest()
#10 /Applications/MAMP/htdocs/web_examples/Yii/vehicles/index.php(13): CWebApplication->run()
REQUEST_URI=/Yii/vehicles/index.php/vehicle/hpiCheck
in /Applications/MAMP/htdocs/web_examples/Yii/vehicles/protected/controllers/VehicleController.php (192)
in /Applications/MAMP/htdocs/web_examples/Yii/vehicles/index.php (13)
2013/07/27 23:20:27 [error] [php] Creating default object from empty value (/Applications/MAMP/htdocs/web_examples/Yii/vehicles/protected/controllers/VehicleController.php:192)
Stack trace:
#0 /Applications/MAMP/htdocs/web_examples/Yii/yii/framework/web/filters/CFilterChain.php(133): VehicleController->runAction()
#1 /Applications/MAMP/htdocs/web_examples/Yii/yii/framework/web/filters/CFilter.php(40): CFilterChain->run()
#2 /Applications/MAMP/htdocs/web_examples/Yii/yii/framework/web/CController.php(1145): CAccessControlFilter->filter()
#3 /Applications/MAMP/htdocs/web_examples/Yii/yii/framework/web/filters/CInlineFilter.php(58): VehicleController->filterAccessControl()
#4 /Applications/MAMP/htdocs/web_examples/Yii/yii/framework/web/filters/CFilterChain.php(130): CInlineFilter->filter()
#5 /Applications/MAMP/htdocs/web_examples/Yii/yii/framework/web/CController.php(291): CFilterChain->run()
#6 /Applications/MAMP/htdocs/web_examples/Yii/yii/framework/web/CController.php(265): VehicleController->runActionWithFilters()
#7 /Applications/MAMP/htdocs/web_examples/Yii/yii/framework/web/CWebApplication.php(282): VehicleController->run()
#8 /Applications/MAMP/htdocs/web_examples/Yii/yii/framework/web/CWebApplication.php(141): CWebApplication->runController()
#9 /Applications/MAMP/htdocs/web_examples/Yii/yii/framework/base/CApplication.php(169): CWebApplication->processRequest()
#10 /Applications/MAMP/htdocs/web_examples/Yii/vehicles/index.php(13): CWebApplication->run()
REQUEST_URI=/Yii/vehicles/index.php/vehicle/hpiCheck
in /Applications/MAMP/htdocs/web_examples/Yii/vehicles/protected/controllers/VehicleController.php (192)
in /Applications/MAMP/htdocs/web_examples/Yii/vehicles/index.php (13)
2013/07/27 23:20:28 [error] [php] Creating default object from empty value (/Applications/MAMP/htdocs/web_examples/Yii/vehicles/protected/controllers/VehicleController.php:192)
Stack trace:
#0 /Applications/MAMP/htdocs/web_examples/Yii/yii/framework/web/filters/CFilterChain.php(133): VehicleController->runAction()
#1 /Applications/MAMP/htdocs/web_examples/Yii/yii/framework/web/filters/CFilter.php(40): CFilterChain->run()
#2 /Applications/MAMP/htdocs/web_examples/Yii/yii/framework/web/CController.php(1145): CAccessControlFilter->filter()
#3 /Applications/MAMP/htdocs/web_examples/Yii/yii/framework/web/filters/CInlineFilter.php(58): VehicleController->filterAccessControl()
#4 /Applications/MAMP/htdocs/web_examples/Yii/yii/framework/web/filters/CFilterChain.php(130): CInlineFilter->filter()
#5 /Applications/MAMP/htdocs/web_examples/Yii/yii/framework/web/CController.php(291): CFilterChain->run()
#6 /Applications/MAMP/htdocs/web_examples/Yii/yii/framework/web/CController.php(265): VehicleController->runActionWithFilters()
#7 /Applications/MAMP/htdocs/web_examples/Yii/yii/framework/web/CWebApplication.php(282): VehicleController->run()
#8 /Applications/MAMP/htdocs/web_examples/Yii/yii/framework/web/CWebApplication.php(141): CWebApplication->runController()
#9 /Applications/MAMP/htdocs/web_examples/Yii/yii/framework/base/CApplication.php(169): CWebApplication->processRequest()
#10 /Applications/MAMP/htdocs/web_examples/Yii/vehicles/index.php(13): CWebApplication->run()
REQUEST_URI=/Yii/vehicles/index.php/vehicle/hpiCheck
in /Applications/MAMP/htdocs/web_examples/Yii/vehicles/protected/controllers/VehicleController.php (192)
in /Applications/MAMP/htdocs/web_examples/Yii/vehicles/index.php (13)
2013/07/27 23:20:28 [error] [php] Creating default object from empty value (/Applications/MAMP/htdocs/web_examples/Yii/vehicles/protected/controllers/VehicleController.php:192)
Stack trace:
#0 /Applications/MAMP/htdocs/web_examples/Yii/yii/framework/web/filters/CFilterChain.php(133): VehicleController->runAction()
#1 /Applications/MAMP/htdocs/web_examples/Yii/yii/framework/web/filters/CFilter.php(40): CFilterChain->run()
#2 /Applications/MAMP/htdocs/web_examples/Yii/yii/framework/web/CController.php(1145): CAccessControlFilter->filter()
#3 /Applications/MAMP/htdocs/web_examples/Yii/yii/framework/web/filters/CInlineFilter.php(58): VehicleController->filterAccessControl()
#4 /Applications/MAMP/htdocs/web_examples/Yii/yii/framework/web/filters/CFilterChain.php(130): CInlineFilter->filter()
#5 /Applications/MAMP/htdocs/web_examples/Yii/yii/framework/web/CController.php(291): CFilterChain->run()
#6 /Applications/MAMP/htdocs/web_examples/Yii/yii/framework/web/CController.php(265): VehicleController->runActionWithFilters()
#7 /Applications/MAMP/htdocs/web_examples/Yii/yii/framework/web/CWebApplication.php(282): VehicleController->run()
#8 /Applications/MAMP/htdocs/web_examples/Yii/yii/framework/web/CWebApplication.php(141): CWebApplication->runController()
#9 /Applications/MAMP/htdocs/web_examples/Yii/yii/framework/base/CApplication.php(169): CWebApplication->processRequest()
#10 /Applications/MAMP/htdocs/web_examples/Yii/vehicles/index.php(13): CWebApplication->run()
REQUEST_URI=/Yii/vehicles/index.php/vehicle/hpiCheck
in /Applications/MAMP/htdocs/web_examples/Yii/vehicles/protected/controllers/VehicleController.php (192)
in /Applications/MAMP/htdocs/web_examples/Yii/vehicles/index.php (13)
2013/07/27 23:21:50 [error] [php] Creating default object from empty value (/Applications/MAMP/htdocs/web_examples/Yii/vehicles/protected/controllers/VehicleController.php:192)
Stack trace:
#0 /Applications/MAMP/htdocs/web_examples/Yii/yii/framework/web/filters/CFilterChain.php(133): VehicleController->runAction()
#1 /Applications/MAMP/htdocs/web_examples/Yii/yii/framework/web/filters/CFilter.php(40): CFilterChain->run()
#2 /Applications/MAMP/htdocs/web_examples/Yii/yii/framework/web/CController.php(1145): CAccessControlFilter->filter()
#3 /Applications/MAMP/htdocs/web_examples/Yii/yii/framework/web/filters/CInlineFilter.php(58): VehicleController->filterAccessControl()
#4 /Applications/MAMP/htdocs/web_examples/Yii/yii/framework/web/filters/CFilterChain.php(130): CInlineFilter->filter()
#5 /Applications/MAMP/htdocs/web_examples/Yii/yii/framework/web/CController.php(291): CFilterChain->run()
#6 /Applications/MAMP/htdocs/web_examples/Yii/yii/framework/web/CController.php(265): VehicleController->runActionWithFilters()
#7 /Applications/MAMP/htdocs/web_examples/Yii/yii/framework/web/CWebApplication.php(282): VehicleController->run()
#8 /Applications/MAMP/htdocs/web_examples/Yii/yii/framework/web/CWebApplication.php(141): CWebApplication->runController()
#9 /Applications/MAMP/htdocs/web_examples/Yii/yii/framework/base/CApplication.php(169): CWebApplication->processRequest()
#10 /Applications/MAMP/htdocs/web_examples/Yii/vehicles/index.php(13): CWebApplication->run()
REQUEST_URI=/Yii/vehicles/index.php/vehicle/hpiCheck
in /Applications/MAMP/htdocs/web_examples/Yii/vehicles/protected/controllers/VehicleController.php (192)
in /Applications/MAMP/htdocs/web_examples/Yii/vehicles/index.php (13)
2013/07/27 23:21:51 [error] [php] Creating default object from empty value (/Applications/MAMP/htdocs/web_examples/Yii/vehicles/protected/controllers/VehicleController.php:192)
Stack trace:
#0 /Applications/MAMP/htdocs/web_examples/Yii/yii/framework/web/filters/CFilterChain.php(133): VehicleController->runAction()
#1 /Applications/MAMP/htdocs/web_examples/Yii/yii/framework/web/filters/CFilter.php(40): CFilterChain->run()
#2 /Applications/MAMP/htdocs/web_examples/Yii/yii/framework/web/CController.php(1145): CAccessControlFilter->filter()
#3 /Applications/MAMP/htdocs/web_examples/Yii/yii/framework/web/filters/CInlineFilter.php(58): VehicleController->filterAccessControl()
#4 /Applications/MAMP/htdocs/web_examples/Yii/yii/framework/web/filters/CFilterChain.php(130): CInlineFilter->filter()
#5 /Applications/MAMP/htdocs/web_examples/Yii/yii/framework/web/CController.php(291): CFilterChain->run()
#6 /Applications/MAMP/htdocs/web_examples/Yii/yii/framework/web/CController.php(265): VehicleController->runActionWithFilters()
#7 /Applications/MAMP/htdocs/web_examples/Yii/yii/framework/web/CWebApplication.php(282): VehicleController->run()
#8 /Applications/MAMP/htdocs/web_examples/Yii/yii/framework/web/CWebApplication.php(141): CWebApplication->runController()
#9 /Applications/MAMP/htdocs/web_examples/Yii/yii/framework/base/CApplication.php(169): CWebApplication->processRequest()
#10 /Applications/MAMP/htdocs/web_examples/Yii/vehicles/index.php(13): CWebApplication->run()
REQUEST_URI=/Yii/vehicles/index.php/vehicle/hpiCheck
in /Applications/MAMP/htdocs/web_examples/Yii/vehicles/protected/controllers/VehicleController.php (192)
in /Applications/MAMP/htdocs/web_examples/Yii/vehicles/index.php (13)
2013/07/27 23:21:51 [error] [php] Creating default object from empty value (/Applications/MAMP/htdocs/web_examples/Yii/vehicles/protected/controllers/VehicleController.php:192)
Stack trace:
#0 /Applications/MAMP/htdocs/web_examples/Yii/yii/framework/web/filters/CFilterChain.php(133): VehicleController->runAction()
#1 /Applications/MAMP/htdocs/web_examples/Yii/yii/framework/web/filters/CFilter.php(40): CFilterChain->run()
#2 /Applications/MAMP/htdocs/web_examples/Yii/yii/framework/web/CController.php(1145): CAccessControlFilter->filter()
#3 /Applications/MAMP/htdocs/web_examples/Yii/yii/framework/web/filters/CInlineFilter.php(58): VehicleController->filterAccessControl()
#4 /Applications/MAMP/htdocs/web_examples/Yii/yii/framework/web/filters/CFilterChain.php(130): CInlineFilter->filter()
#5 /Applications/MAMP/htdocs/web_examples/Yii/yii/framework/web/CController.php(291): CFilterChain->run()
#6 /Applications/MAMP/htdocs/web_examples/Yii/yii/framework/web/CController.php(265): VehicleController->runActionWithFilters()
#7 /Applications/MAMP/htdocs/web_examples/Yii/yii/framework/web/CWebApplication.php(282): VehicleController->run()
#8 /Applications/MAMP/htdocs/web_examples/Yii/yii/framework/web/CWebApplication.php(141): CWebApplication->runController()
#9 /Applications/MAMP/htdocs/web_examples/Yii/yii/framework/base/CApplication.php(169): CWebApplication->processRequest()
#10 /Applications/MAMP/htdocs/web_examples/Yii/vehicles/index.php(13): CWebApplication->run()
REQUEST_URI=/Yii/vehicles/index.php/vehicle/hpiCheck
in /Applications/MAMP/htdocs/web_examples/Yii/vehicles/protected/controllers/VehicleController.php (192)
in /Applications/MAMP/htdocs/web_examples/Yii/vehicles/index.php (13)
2013/07/27 23:21:51 [error] [php] Creating default object from empty value (/Applications/MAMP/htdocs/web_examples/Yii/vehicles/protected/controllers/VehicleController.php:192)
Stack trace:
#0 /Applications/MAMP/htdocs/web_examples/Yii/yii/framework/web/filters/CFilterChain.php(133): VehicleController->runAction()
#1 /Applications/MAMP/htdocs/web_examples/Yii/yii/framework/web/filters/CFilter.php(40): CFilterChain->run()
#2 /Applications/MAMP/htdocs/web_examples/Yii/yii/framework/web/CController.php(1145): CAccessControlFilter->filter()
#3 /Applications/MAMP/htdocs/web_examples/Yii/yii/framework/web/filters/CInlineFilter.php(58): VehicleController->filterAccessControl()
#4 /Applications/MAMP/htdocs/web_examples/Yii/yii/framework/web/filters/CFilterChain.php(130): CInlineFilter->filter()
#5 /Applications/MAMP/htdocs/web_examples/Yii/yii/framework/web/CController.php(291): CFilterChain->run()
#6 /Applications/MAMP/htdocs/web_examples/Yii/yii/framework/web/CController.php(265): VehicleController->runActionWithFilters()
#7 /Applications/MAMP/htdocs/web_examples/Yii/yii/framework/web/CWebApplication.php(282): VehicleController->run()
#8 /Applications/MAMP/htdocs/web_examples/Yii/yii/framework/web/CWebApplication.php(141): CWebApplication->runController()
#9 /Applications/MAMP/htdocs/web_examples/Yii/yii/framework/base/CApplication.php(169): CWebApplication->processRequest()
#10 /Applications/MAMP/htdocs/web_examples/Yii/vehicles/index.php(13): CWebApplication->run()
REQUEST_URI=/Yii/vehicles/index.php/vehicle/hpiCheck
in /Applications/MAMP/htdocs/web_examples/Yii/vehicles/protected/controllers/VehicleController.php (192)
in /Applications/MAMP/htdocs/web_examples/Yii/vehicles/index.php (13)
2013/07/27 23:21:52 [error] [php] Creating default object from empty value (/Applications/MAMP/htdocs/web_examples/Yii/vehicles/protected/controllers/VehicleController.php:192)
Stack trace:
#0 /Applications/MAMP/htdocs/web_examples/Yii/yii/framework/web/filters/CFilterChain.php(133): VehicleController->runAction()
#1 /Applications/MAMP/htdocs/web_examples/Yii/yii/framework/web/filters/CFilter.php(40): CFilterChain->run()
#2 /Applications/MAMP/htdocs/web_examples/Yii/yii/framework/web/CController.php(1145): CAccessControlFilter->filter()
#3 /Applications/MAMP/htdocs/web_examples/Yii/yii/framework/web/filters/CInlineFilter.php(58): VehicleController->filterAccessControl()
#4 /Applications/MAMP/htdocs/web_examples/Yii/yii/framework/web/filters/CFilterChain.php(130): CInlineFilter->filter()
#5 /Applications/MAMP/htdocs/web_examples/Yii/yii/framework/web/CController.php(291): CFilterChain->run()
#6 /Applications/MAMP/htdocs/web_examples/Yii/yii/framework/web/CController.php(265): VehicleController->runActionWithFilters()
#7 /Applications/MAMP/htdocs/web_examples/Yii/yii/framework/web/CWebApplication.php(282): VehicleController->run()
#8 /Applications/MAMP/htdocs/web_examples/Yii/yii/framework/web/CWebApplication.php(141): CWebApplication->runController()
#9 /Applications/MAMP/htdocs/web_examples/Yii/yii/framework/base/CApplication.php(169): CWebApplication->processRequest()
#10 /Applications/MAMP/htdocs/web_examples/Yii/vehicles/index.php(13): CWebApplication->run()
REQUEST_URI=/Yii/vehicles/index.php/vehicle/hpiCheck
in /Applications/MAMP/htdocs/web_examples/Yii/vehicles/protected/controllers/VehicleController.php (192)
in /Applications/MAMP/htdocs/web_examples/Yii/vehicles/index.php (13)
2013/07/27 23:21:52 [error] [php] Creating default object from empty value (/Applications/MAMP/htdocs/web_examples/Yii/vehicles/protected/controllers/VehicleController.php:192)
Stack trace:
#0 /Applications/MAMP/htdocs/web_examples/Yii/yii/framework/web/filters/CFilterChain.php(133): VehicleController->runAction()
#1 /Applications/MAMP/htdocs/web_examples/Yii/yii/framework/web/filters/CFilter.php(40): CFilterChain->run()
#2 /Applications/MAMP/htdocs/web_examples/Yii/yii/framework/web/CController.php(1145): CAccessControlFilter->filter()
#3 /Applications/MAMP/htdocs/web_examples/Yii/yii/framework/web/filters/CInlineFilter.php(58): VehicleController->filterAccessControl()
#4 /Applications/MAMP/htdocs/web_examples/Yii/yii/framework/web/filters/CFilterChain.php(130): CInlineFilter->filter()
#5 /Applications/MAMP/htdocs/web_examples/Yii/yii/framework/web/CController.php(291): CFilterChain->run()
#6 /Applications/MAMP/htdocs/web_examples/Yii/yii/framework/web/CController.php(265): VehicleController->runActionWithFilters()
#7 /Applications/MAMP/htdocs/web_examples/Yii/yii/framework/web/CWebApplication.php(282): VehicleController->run()
#8 /Applications/MAMP/htdocs/web_examples/Yii/yii/framework/web/CWebApplication.php(141): CWebApplication->runController()
#9 /Applications/MAMP/htdocs/web_examples/Yii/yii/framework/base/CApplication.php(169): CWebApplication->processRequest()
#10 /Applications/MAMP/htdocs/web_examples/Yii/vehicles/index.php(13): CWebApplication->run()
REQUEST_URI=/Yii/vehicles/index.php/vehicle/hpiCheck
in /Applications/MAMP/htdocs/web_examples/Yii/vehicles/protected/controllers/VehicleController.php (192)
in /Applications/MAMP/htdocs/web_examples/Yii/vehicles/index.php (13)
2013/07/27 23:21:52 [error] [php] Creating default object from empty value (/Applications/MAMP/htdocs/web_examples/Yii/vehicles/protected/controllers/VehicleController.php:192)
Stack trace:
#0 /Applications/MAMP/htdocs/web_examples/Yii/yii/framework/web/filters/CFilterChain.php(133): VehicleController->runAction()
#1 /Applications/MAMP/htdocs/web_examples/Yii/yii/framework/web/filters/CFilter.php(40): CFilterChain->run()
#2 /Applications/MAMP/htdocs/web_examples/Yii/yii/framework/web/CController.php(1145): CAccessControlFilter->filter()
#3 /Applications/MAMP/htdocs/web_examples/Yii/yii/framework/web/filters/CInlineFilter.php(58): VehicleController->filterAccessControl()
#4 /Applications/MAMP/htdocs/web_examples/Yii/yii/framework/web/filters/CFilterChain.php(130): CInlineFilter->filter()
#5 /Applications/MAMP/htdocs/web_examples/Yii/yii/framework/web/CController.php(291): CFilterChain->run()
#6 /Applications/MAMP/htdocs/web_examples/Yii/yii/framework/web/CController.php(265): VehicleController->runActionWithFilters()
#7 /Applications/MAMP/htdocs/web_examples/Yii/yii/framework/web/CWebApplication.php(282): VehicleController->run()
#8 /Applications/MAMP/htdocs/web_examples/Yii/yii/framework/web/CWebApplication.php(141): CWebApplication->runController()
#9 /Applications/MAMP/htdocs/web_examples/Yii/yii/framework/base/CApplication.php(169): CWebApplication->processRequest()
#10 /Applications/MAMP/htdocs/web_examples/Yii/vehicles/index.php(13): CWebApplication->run()
REQUEST_URI=/Yii/vehicles/index.php/vehicle/hpiCheck
in /Applications/MAMP/htdocs/web_examples/Yii/vehicles/protected/controllers/VehicleController.php (192)
in /Applications/MAMP/htdocs/web_examples/Yii/vehicles/index.php (13)
2013/07/27 23:21:53 [error] [php] Creating default object from empty value (/Applications/MAMP/htdocs/web_examples/Yii/vehicles/protected/controllers/VehicleController.php:192)
Stack trace:
#0 /Applications/MAMP/htdocs/web_examples/Yii/yii/framework/web/filters/CFilterChain.php(133): VehicleController->runAction()
#1 /Applications/MAMP/htdocs/web_examples/Yii/yii/framework/web/filters/CFilter.php(40): CFilterChain->run()
#2 /Applications/MAMP/htdocs/web_examples/Yii/yii/framework/web/CController.php(1145): CAccessControlFilter->filter()
#3 /Applications/MAMP/htdocs/web_examples/Yii/yii/framework/web/filters/CInlineFilter.php(58): VehicleController->filterAccessControl()
#4 /Applications/MAMP/htdocs/web_examples/Yii/yii/framework/web/filters/CFilterChain.php(130): CInlineFilter->filter()
#5 /Applications/MAMP/htdocs/web_examples/Yii/yii/framework/web/CController.php(291): CFilterChain->run()
#6 /Applications/MAMP/htdocs/web_examples/Yii/yii/framework/web/CController.php(265): VehicleController->runActionWithFilters()
#7 /Applications/MAMP/htdocs/web_examples/Yii/yii/framework/web/CWebApplication.php(282): VehicleController->run()
#8 /Applications/MAMP/htdocs/web_examples/Yii/yii/framework/web/CWebApplication.php(141): CWebApplication->runController()
#9 /Applications/MAMP/htdocs/web_examples/Yii/yii/framework/base/CApplication.php(169): CWebApplication->processRequest()
#10 /Applications/MAMP/htdocs/web_examples/Yii/vehicles/index.php(13): CWebApplication->run()
REQUEST_URI=/Yii/vehicles/index.php/vehicle/hpiCheck
in /Applications/MAMP/htdocs/web_examples/Yii/vehicles/protected/controllers/VehicleController.php (192)
in /Applications/MAMP/htdocs/web_examples/Yii/vehicles/index.php (13)
2013/07/27 23:22:19 [error] [php] Creating default object from empty value (/Applications/MAMP/htdocs/web_examples/Yii/vehicles/protected/controllers/VehicleController.php:192)
Stack trace:
#0 /Applications/MAMP/htdocs/web_examples/Yii/yii/framework/web/filters/CFilterChain.php(133): VehicleController->runAction()
#1 /Applications/MAMP/htdocs/web_examples/Yii/yii/framework/web/filters/CFilter.php(40): CFilterChain->run()
#2 /Applications/MAMP/htdocs/web_examples/Yii/yii/framework/web/CController.php(1145): CAccessControlFilter->filter()
#3 /Applications/MAMP/htdocs/web_examples/Yii/yii/framework/web/filters/CInlineFilter.php(58): VehicleController->filterAccessControl()
#4 /Applications/MAMP/htdocs/web_examples/Yii/yii/framework/web/filters/CFilterChain.php(130): CInlineFilter->filter()
#5 /Applications/MAMP/htdocs/web_examples/Yii/yii/framework/web/CController.php(291): CFilterChain->run()
#6 /Applications/MAMP/htdocs/web_examples/Yii/yii/framework/web/CController.php(265): VehicleController->runActionWithFilters()
#7 /Applications/MAMP/htdocs/web_examples/Yii/yii/framework/web/CWebApplication.php(282): VehicleController->run()
#8 /Applications/MAMP/htdocs/web_examples/Yii/yii/framework/web/CWebApplication.php(141): CWebApplication->runController()
#9 /Applications/MAMP/htdocs/web_examples/Yii/yii/framework/base/CApplication.php(169): CWebApplication->processRequest()
#10 /Applications/MAMP/htdocs/web_examples/Yii/vehicles/index.php(13): CWebApplication->run()
REQUEST_URI=/Yii/vehicles/index.php/vehicle/hpiCheck
in /Applications/MAMP/htdocs/web_examples/Yii/vehicles/protected/controllers/VehicleController.php (192)
in /Applications/MAMP/htdocs/web_examples/Yii/vehicles/index.php (13)
2013/07/27 23:23:09 [error] [php] Creating default object from empty value (/Applications/MAMP/htdocs/web_examples/Yii/vehicles/protected/controllers/VehicleController.php:197)
Stack trace:
#0 /Applications/MAMP/htdocs/web_examples/Yii/yii/framework/web/filters/CFilterChain.php(133): VehicleController->runAction()
#1 /Applications/MAMP/htdocs/web_examples/Yii/yii/framework/web/filters/CFilter.php(40): CFilterChain->run()
#2 /Applications/MAMP/htdocs/web_examples/Yii/yii/framework/web/CController.php(1145): CAccessControlFilter->filter()
#3 /Applications/MAMP/htdocs/web_examples/Yii/yii/framework/web/filters/CInlineFilter.php(58): VehicleController->filterAccessControl()
#4 /Applications/MAMP/htdocs/web_examples/Yii/yii/framework/web/filters/CFilterChain.php(130): CInlineFilter->filter()
#5 /Applications/MAMP/htdocs/web_examples/Yii/yii/framework/web/CController.php(291): CFilterChain->run()
#6 /Applications/MAMP/htdocs/web_examples/Yii/yii/framework/web/CController.php(265): VehicleController->runActionWithFilters()
#7 /Applications/MAMP/htdocs/web_examples/Yii/yii/framework/web/CWebApplication.php(282): VehicleController->run()
#8 /Applications/MAMP/htdocs/web_examples/Yii/yii/framework/web/CWebApplication.php(141): CWebApplication->runController()
#9 /Applications/MAMP/htdocs/web_examples/Yii/yii/framework/base/CApplication.php(169): CWebApplication->processRequest()
#10 /Applications/MAMP/htdocs/web_examples/Yii/vehicles/index.php(13): CWebApplication->run()
REQUEST_URI=/Yii/vehicles/index.php/vehicle/hpiCheck
in /Applications/MAMP/htdocs/web_examples/Yii/vehicles/protected/controllers/VehicleController.php (197)
in /Applications/MAMP/htdocs/web_examples/Yii/vehicles/index.php (13)
2013/07/27 23:23:27 [error] [php] Creating default object from empty value (/Applications/MAMP/htdocs/web_examples/Yii/vehicles/protected/controllers/VehicleController.php:197)
Stack trace:
#0 /Applications/MAMP/htdocs/web_examples/Yii/yii/framework/web/filters/CFilterChain.php(133): VehicleController->runAction()
#1 /Applications/MAMP/htdocs/web_examples/Yii/yii/framework/web/filters/CFilter.php(40): CFilterChain->run()
#2 /Applications/MAMP/htdocs/web_examples/Yii/yii/framework/web/CController.php(1145): CAccessControlFilter->filter()
#3 /Applications/MAMP/htdocs/web_examples/Yii/yii/framework/web/filters/CInlineFilter.php(58): VehicleController->filterAccessControl()
#4 /Applications/MAMP/htdocs/web_examples/Yii/yii/framework/web/filters/CFilterChain.php(130): CInlineFilter->filter()
#5 /Applications/MAMP/htdocs/web_examples/Yii/yii/framework/web/CController.php(291): CFilterChain->run()
#6 /Applications/MAMP/htdocs/web_examples/Yii/yii/framework/web/CController.php(265): VehicleController->runActionWithFilters()
#7 /Applications/MAMP/htdocs/web_examples/Yii/yii/framework/web/CWebApplication.php(282): VehicleController->run()
#8 /Applications/MAMP/htdocs/web_examples/Yii/yii/framework/web/CWebApplication.php(141): CWebApplication->runController()
#9 /Applications/MAMP/htdocs/web_examples/Yii/yii/framework/base/CApplication.php(169): CWebApplication->processRequest()
#10 /Applications/MAMP/htdocs/web_examples/Yii/vehicles/index.php(13): CWebApplication->run()
REQUEST_URI=/Yii/vehicles/index.php/vehicle/hpiCheck
in /Applications/MAMP/htdocs/web_examples/Yii/vehicles/protected/controllers/VehicleController.php (197)
in /Applications/MAMP/htdocs/web_examples/Yii/vehicles/index.php (13)
2013/07/27 23:23:50 [error] [php] Creating default object from empty value (/Applications/MAMP/htdocs/web_examples/Yii/vehicles/protected/controllers/VehicleController.php:197)
Stack trace:
#0 /Applications/MAMP/htdocs/web_examples/Yii/yii/framework/web/filters/CFilterChain.php(133): VehicleController->runAction()
#1 /Applications/MAMP/htdocs/web_examples/Yii/yii/framework/web/filters/CFilter.php(40): CFilterChain->run()
#2 /Applications/MAMP/htdocs/web_examples/Yii/yii/framework/web/CController.php(1145): CAccessControlFilter->filter()
#3 /Applications/MAMP/htdocs/web_examples/Yii/yii/framework/web/filters/CInlineFilter.php(58): VehicleController->filterAccessControl()
#4 /Applications/MAMP/htdocs/web_examples/Yii/yii/framework/web/filters/CFilterChain.php(130): CInlineFilter->filter()
#5 /Applications/MAMP/htdocs/web_examples/Yii/yii/framework/web/CController.php(291): CFilterChain->run()
#6 /Applications/MAMP/htdocs/web_examples/Yii/yii/framework/web/CController.php(265): VehicleController->runActionWithFilters()
#7 /Applications/MAMP/htdocs/web_examples/Yii/yii/framework/web/CWebApplication.php(282): VehicleController->run()
#8 /Applications/MAMP/htdocs/web_examples/Yii/yii/framework/web/CWebApplication.php(141): CWebApplication->runController()
#9 /Applications/MAMP/htdocs/web_examples/Yii/yii/framework/base/CApplication.php(169): CWebApplication->processRequest()
#10 /Applications/MAMP/htdocs/web_examples/Yii/vehicles/index.php(13): CWebApplication->run()
REQUEST_URI=/Yii/vehicles/index.php/vehicle/hpiCheck
in /Applications/MAMP/htdocs/web_examples/Yii/vehicles/protected/controllers/VehicleController.php (197)
in /Applications/MAMP/htdocs/web_examples/Yii/vehicles/index.php (13)
