2013/06/01 20:57:04 [error] [exception.CException] exception 'CException' with message 'CActiveForm and its behaviors do not have a method or closure named "select2Row".' in /Applications/MAMP/htdocs/web_examples/Yii/yii/framework/base/CComponent.php:265
Stack trace:
#0 /Applications/MAMP/htdocs/web_examples/Yii/wine/protected/views/order/_form.php(24): CComponent->__call('select2Row', Array)
#1 /Applications/MAMP/htdocs/web_examples/Yii/wine/protected/views/order/_form.php(24): CActiveForm->select2Row(Object(Order), 'select2', Array)
#2 /Applications/MAMP/htdocs/web_examples/Yii/yii/framework/web/CBaseController.php(126): require('/Applications/M...')
#3 /Applications/MAMP/htdocs/web_examples/Yii/yii/framework/web/CBaseController.php(95): CBaseController->renderInternal('/Applications/M...', Array, true)
#4 /Applications/MAMP/htdocs/web_examples/Yii/yii/framework/web/CController.php(869): CBaseController->renderFile('/Applications/M...', Array, true)
#5 /Applications/MAMP/htdocs/web_examples/Yii/wine/protected/views/order/create.php(18): CController->renderPartial('_form', Array)
#6 /Applications/MAMP/htdocs/web_examples/Yii/yii/framework/web/CBaseController.php(126): require('/Applications/M...')
#7 /Applications/MAMP/htdocs/web_examples/Yii/yii/framework/web/CBaseController.php(95): CBaseController->renderInternal('/Applications/M...', Array, true)
#8 /Applications/MAMP/htdocs/web_examples/Yii/yii/framework/web/CController.php(869): CBaseController->renderFile('/Applications/M...', Array, true)
#9 /Applications/MAMP/htdocs/web_examples/Yii/yii/framework/web/CController.php(782): CController->renderPartial('create', Array, true)
#10 /Applications/MAMP/htdocs/web_examples/Yii/wine/protected/controllers/OrderController.php(79): CController->render('create', Array)
#11 /Applications/MAMP/htdocs/web_examples/Yii/yii/framework/web/actions/CInlineAction.php(49): OrderController->actionCreate()
#12 /Applications/MAMP/htdocs/web_examples/Yii/yii/framework/web/CController.php(308): CInlineAction->runWithParams(Array)
#13 /Applications/MAMP/htdocs/web_examples/Yii/yii/framework/web/filters/CFilterChain.php(133): CController->runAction(Object(CInlineAction))
#14 /Applications/MAMP/htdocs/web_examples/Yii/yii/framework/web/filters/CFilter.php(40): CFilterChain->run()
#15 /Applications/MAMP/htdocs/web_examples/Yii/yii/framework/web/CController.php(1145): CFilter->filter(Object(CFilterChain))
#16 /Applications/MAMP/htdocs/web_examples/Yii/yii/framework/web/filters/CInlineFilter.php(58): CController->filterAccessControl(Object(CFilterChain))
#17 /Applications/MAMP/htdocs/web_examples/Yii/yii/framework/web/filters/CFilterChain.php(130): CInlineFilter->filter(Object(CFilterChain))
#18 /Applications/MAMP/htdocs/web_examples/Yii/yii/framework/web/CController.php(291): CFilterChain->run()
#19 /Applications/MAMP/htdocs/web_examples/Yii/yii/framework/web/CController.php(265): CController->runActionWithFilters(Object(CInlineAction), Array)
#20 /Applications/MAMP/htdocs/web_examples/Yii/yii/framework/web/CWebApplication.php(282): CController->run('create')
#21 /Applications/MAMP/htdocs/web_examples/Yii/yii/framework/web/CWebApplication.php(141): CWebApplication->runController('order/create')
#22 /Applications/MAMP/htdocs/web_examples/Yii/yii/framework/base/CApplication.php(169): CWebApplication->processRequest()
#23 /Applications/MAMP/htdocs/web_examples/Yii/wine/index.php(13): CApplication->run()
#24 {main}
REQUEST_URI=/wine/index.php/order/create
HTTP_REFERER=http://localhost:8888/wine/index.php/order/index
---
2013/06/01 20:58:16 [error] [exception.CException] exception 'CException' with message 'Property "Order.textField" is not defined.' in /Applications/MAMP/htdocs/web_examples/Yii/yii/framework/base/CComponent.php:130
Stack trace:
#0 /Applications/MAMP/htdocs/web_examples/Yii/yii/framework/db/ar/CActiveRecord.php(143): CComponent->__get('textField')
#1 /Applications/MAMP/htdocs/web_examples/Yii/yii/framework/web/helpers/CHtml.php(2255): CActiveRecord->__get('textField')
#2 /Applications/MAMP/htdocs/web_examples/Yii/yii/framework/web/helpers/CHtml.php(1980): CHtml::resolveValue(Object(Order), 'textField')
#3 /Applications/MAMP/htdocs/web_examples/Yii/yii/framework/web/helpers/CHtml.php(1257): CHtml::activeInputField('text', Object(Order), 'textField', Array)
#4 /Applications/MAMP/htdocs/web_examples/Yii/yii/framework/web/widgets/CActiveForm.php(657): CHtml::activeTextField(Object(Order), 'textField', Array)
#5 /Applications/MAMP/htdocs/web_examples/Yii/wine/protected/extensions/bootstrap/widgets/input/TbInputHorizontal.php(266): CActiveForm->textField(Object(Order), 'textField', Array)
#6 /Applications/MAMP/htdocs/web_examples/Yii/wine/protected/extensions/bootstrap/widgets/input/TbInput.php(291): TbInputHorizontal->textField()
#7 /Applications/MAMP/htdocs/web_examples/Yii/wine/protected/extensions/bootstrap/widgets/input/TbInputHorizontal.php(24): TbInput->run()
#8 /Applications/MAMP/htdocs/web_examples/Yii/yii/framework/web/CBaseController.php(173): TbInputHorizontal->run()
#9 /Applications/MAMP/htdocs/web_examples/Yii/wine/protected/extensions/bootstrap/widgets/TbActiveForm.php(1096): CBaseController->widget('bootstrap.widge...', Array)
#10 /Applications/MAMP/htdocs/web_examples/Yii/wine/protected/extensions/bootstrap/widgets/TbActiveForm.php(278): TbActiveForm->inputRow('text', Object(Order), 'textField', NULL, Array)
#11 /Applications/MAMP/htdocs/web_examples/Yii/wine/protected/views/order/_form.php(51): TbActiveForm->textFieldRow(Object(Order), 'textField', Array)
#12 /Applications/MAMP/htdocs/web_examples/Yii/yii/framework/web/CBaseController.php(126): require('/Applications/M...')
#13 /Applications/MAMP/htdocs/web_examples/Yii/yii/framework/web/CBaseController.php(95): CBaseController->renderInternal('/Applications/M...', Array, true)
#14 /Applications/MAMP/htdocs/web_examples/Yii/yii/framework/web/CController.php(869): CBaseController->renderFile('/Applications/M...', Array, true)
#15 /Applications/MAMP/htdocs/web_examples/Yii/wine/protected/views/order/create.php(18): CController->renderPartial('_form', Array)
#16 /Applications/MAMP/htdocs/web_examples/Yii/yii/framework/web/CBaseController.php(126): require('/Applications/M...')
#17 /Applications/MAMP/htdocs/web_examples/Yii/yii/framework/web/CBaseController.php(95): CBaseController->renderInternal('/Applications/M...', Array, true)
#18 /Applications/MAMP/htdocs/web_examples/Yii/yii/framework/web/CController.php(869): CBaseController->renderFile('/Applications/M...', Array, true)
#19 /Applications/MAMP/htdocs/web_examples/Yii/yii/framework/web/CController.php(782): CController->renderPartial('create', Array, true)
#20 /Applications/MAMP/htdocs/web_examples/Yii/wine/protected/controllers/OrderController.php(79): CController->render('create', Array)
#21 /Applications/MAMP/htdocs/web_examples/Yii/yii/framework/web/actions/CInlineAction.php(49): OrderController->actionCreate()
#22 /Applications/MAMP/htdocs/web_examples/Yii/yii/framework/web/CController.php(308): CInlineAction->runWithParams(Array)
#23 /Applications/MAMP/htdocs/web_examples/Yii/yii/framework/web/filters/CFilterChain.php(133): CController->runAction(Object(CInlineAction))
#24 /Applications/MAMP/htdocs/web_examples/Yii/yii/framework/web/filters/CFilter.php(40): CFilterChain->run()
#25 /Applications/MAMP/htdocs/web_examples/Yii/yii/framework/web/CController.php(1145): CFilter->filter(Object(CFilterChain))
#26 /Applications/MAMP/htdocs/web_examples/Yii/yii/framework/web/filters/CInlineFilter.php(58): CController->filterAccessControl(Object(CFilterChain))
#27 /Applications/MAMP/htdocs/web_examples/Yii/yii/framework/web/filters/CFilterChain.php(130): CInlineFilter->filter(Object(CFilterChain))
#28 /Applications/MAMP/htdocs/web_examples/Yii/yii/framework/web/CController.php(291): CFilterChain->run()
#29 /Applications/MAMP/htdocs/web_examples/Yii/yii/framework/web/CController.php(265): CController->runActionWithFilters(Object(CInlineAction), Array)
#30 /Applications/MAMP/htdocs/web_examples/Yii/yii/framework/web/CWebApplication.php(282): CController->run('create')
#31 /Applications/MAMP/htdocs/web_examples/Yii/yii/framework/web/CWebApplication.php(141): CWebApplication->runController('order/create')
#32 /Applications/MAMP/htdocs/web_examples/Yii/yii/framework/base/CApplication.php(169): CWebApplication->processRequest()
#33 /Applications/MAMP/htdocs/web_examples/Yii/wine/index.php(13): CApplication->run()
#34 {main}
REQUEST_URI=/wine/index.php/order/create
HTTP_REFERER=http://localhost:8888/wine/index.php/order/index
---
2013/06/01 20:59:08 [error] [exception.CException] exception 'CException' with message 'Property "Order.select2" is not defined.' in /Applications/MAMP/htdocs/web_examples/Yii/yii/framework/base/CComponent.php:130
Stack trace:
#0 /Applications/MAMP/htdocs/web_examples/Yii/yii/framework/db/ar/CActiveRecord.php(143): CComponent->__get('select2')
#1 /Applications/MAMP/htdocs/web_examples/Yii/yii/framework/web/helpers/CHtml.php(2255): CActiveRecord->__get('select2')
#2 /Applications/MAMP/htdocs/web_examples/Yii/yii/framework/web/helpers/CHtml.php(1980): CHtml::resolveValue(Object(Order), 'select2')
#3 /Applications/MAMP/htdocs/web_examples/Yii/yii/framework/web/helpers/CHtml.php(1372): CHtml::activeInputField('hidden', Object(Order), 'select2', Array)
#4 /Applications/MAMP/htdocs/web_examples/Yii/yii/framework/web/widgets/CActiveForm.php(672): CHtml::activeHiddenField(Object(Order), 'select2', Array)
#5 /Applications/MAMP/htdocs/web_examples/Yii/wine/protected/extensions/bootstrap/widgets/TbSelect2.php(71): CActiveForm->hiddenField(Object(Order), 'select2', Array)
#6 /Applications/MAMP/htdocs/web_examples/Yii/yii/framework/web/CBaseController.php(173): TbSelect2->run()
#7 /Applications/MAMP/htdocs/web_examples/Yii/wine/protected/extensions/bootstrap/widgets/input/TbInputHorizontal.php(630): CBaseController->widget('bootstrap.widge...', Array)
#8 /Applications/MAMP/htdocs/web_examples/Yii/wine/protected/extensions/bootstrap/widgets/input/TbInput.php(343): TbInputHorizontal->select2Field()
#9 /Applications/MAMP/htdocs/web_examples/Yii/wine/protected/extensions/bootstrap/widgets/input/TbInputHorizontal.php(24): TbInput->run()
#10 /Applications/MAMP/htdocs/web_examples/Yii/yii/framework/web/CBaseController.php(173): TbInputHorizontal->run()
#11 /Applications/MAMP/htdocs/web_examples/Yii/wine/protected/extensions/bootstrap/widgets/TbActiveForm.php(1096): CBaseController->widget('bootstrap.widge...', Array)
#12 /Applications/MAMP/htdocs/web_examples/Yii/wine/protected/extensions/bootstrap/widgets/TbActiveForm.php(500): TbActiveForm->inputRow('select2', Object(Order), 'select2', NULL, Array)
#13 /Applications/MAMP/htdocs/web_examples/Yii/wine/protected/views/order/_form.php(56): TbActiveForm->select2Row(Object(Order), 'select2', Array)
#14 /Applications/MAMP/htdocs/web_examples/Yii/yii/framework/web/CBaseController.php(126): require('/Applications/M...')
#15 /Applications/MAMP/htdocs/web_examples/Yii/yii/framework/web/CBaseController.php(95): CBaseController->renderInternal('/Applications/M...', Array, true)
#16 /Applications/MAMP/htdocs/web_examples/Yii/yii/framework/web/CController.php(869): CBaseController->renderFile('/Applications/M...', Array, true)
#17 /Applications/MAMP/htdocs/web_examples/Yii/wine/protected/views/order/create.php(18): CController->renderPartial('_form', Array)
#18 /Applications/MAMP/htdocs/web_examples/Yii/yii/framework/web/CBaseController.php(126): require('/Applications/M...')
#19 /Applications/MAMP/htdocs/web_examples/Yii/yii/framework/web/CBaseController.php(95): CBaseController->renderInternal('/Applications/M...', Array, true)
#20 /Applications/MAMP/htdocs/web_examples/Yii/yii/framework/web/CController.php(869): CBaseController->renderFile('/Applications/M...', Array, true)
#21 /Applications/MAMP/htdocs/web_examples/Yii/yii/framework/web/CController.php(782): CController->renderPartial('create', Array, true)
#22 /Applications/MAMP/htdocs/web_examples/Yii/wine/protected/controllers/OrderController.php(79): CController->render('create', Array)
#23 /Applications/MAMP/htdocs/web_examples/Yii/yii/framework/web/actions/CInlineAction.php(49): OrderController->actionCreate()
#24 /Applications/MAMP/htdocs/web_examples/Yii/yii/framework/web/CController.php(308): CInlineAction->runWithParams(Array)
#25 /Applications/MAMP/htdocs/web_examples/Yii/yii/framework/web/filters/CFilterChain.php(133): CController->runAction(Object(CInlineAction))
#26 /Applications/MAMP/htdocs/web_examples/Yii/yii/framework/web/filters/CFilter.php(40): CFilterChain->run()
#27 /Applications/MAMP/htdocs/web_examples/Yii/yii/framework/web/CController.php(1145): CFilter->filter(Object(CFilterChain))
#28 /Applications/MAMP/htdocs/web_examples/Yii/yii/framework/web/filters/CInlineFilter.php(58): CController->filterAccessControl(Object(CFilterChain))
#29 /Applications/MAMP/htdocs/web_examples/Yii/yii/framework/web/filters/CFilterChain.php(130): CInlineFilter->filter(Object(CFilterChain))
#30 /Applications/MAMP/htdocs/web_examples/Yii/yii/framework/web/CController.php(291): CFilterChain->run()
#31 /Applications/MAMP/htdocs/web_examples/Yii/yii/framework/web/CController.php(265): CController->runActionWithFilters(Object(CInlineAction), Array)
#32 /Applications/MAMP/htdocs/web_examples/Yii/yii/framework/web/CWebApplication.php(282): CController->run('create')
#33 /Applications/MAMP/htdocs/web_examples/Yii/yii/framework/web/CWebApplication.php(141): CWebApplication->runController('order/create')
#34 /Applications/MAMP/htdocs/web_examples/Yii/yii/framework/base/CApplication.php(169): CWebApplication->processRequest()
#35 /Applications/MAMP/htdocs/web_examples/Yii/wine/index.php(13): CApplication->run()
#36 {main}
REQUEST_URI=/wine/index.php/order/create
HTTP_REFERER=http://localhost:8888/wine/index.php/order/index
---
2013/06/01 20:59:34 [error] [exception.CException] exception 'CException' with message 'Property "Order.select2" is not defined.' in /Applications/MAMP/htdocs/web_examples/Yii/yii/framework/base/CComponent.php:130
Stack trace:
#0 /Applications/MAMP/htdocs/web_examples/Yii/yii/framework/db/ar/CActiveRecord.php(143): CComponent->__get('select2')
#1 /Applications/MAMP/htdocs/web_examples/Yii/yii/framework/web/helpers/CHtml.php(2255): CActiveRecord->__get('select2')
#2 /Applications/MAMP/htdocs/web_examples/Yii/yii/framework/web/helpers/CHtml.php(1980): CHtml::resolveValue(Object(Order), 'select2')
#3 /Applications/MAMP/htdocs/web_examples/Yii/yii/framework/web/helpers/CHtml.php(1372): CHtml::activeInputField('hidden', Object(Order), 'select2', Array)
#4 /Applications/MAMP/htdocs/web_examples/Yii/yii/framework/web/widgets/CActiveForm.php(672): CHtml::activeHiddenField(Object(Order), 'select2', Array)
#5 /Applications/MAMP/htdocs/web_examples/Yii/wine/protected/extensions/bootstrap/widgets/TbSelect2.php(71): CActiveForm->hiddenField(Object(Order), 'select2', Array)
#6 /Applications/MAMP/htdocs/web_examples/Yii/yii/framework/web/CBaseController.php(173): TbSelect2->run()
#7 /Applications/MAMP/htdocs/web_examples/Yii/wine/protected/extensions/bootstrap/widgets/input/TbInputHorizontal.php(630): CBaseController->widget('bootstrap.widge...', Array)
#8 /Applications/MAMP/htdocs/web_examples/Yii/wine/protected/extensions/bootstrap/widgets/input/TbInput.php(343): TbInputHorizontal->select2Field()
#9 /Applications/MAMP/htdocs/web_examples/Yii/wine/protected/extensions/bootstrap/widgets/input/TbInputHorizontal.php(24): TbInput->run()
#10 /Applications/MAMP/htdocs/web_examples/Yii/yii/framework/web/CBaseController.php(173): TbInputHorizontal->run()
#11 /Applications/MAMP/htdocs/web_examples/Yii/wine/protected/extensions/bootstrap/widgets/TbActiveForm.php(1096): CBaseController->widget('bootstrap.widge...', Array)
#12 /Applications/MAMP/htdocs/web_examples/Yii/wine/protected/extensions/bootstrap/widgets/TbActiveForm.php(500): TbActiveForm->inputRow('select2', Object(Order), 'select2', NULL, Array)
#13 /Applications/MAMP/htdocs/web_examples/Yii/wine/protected/views/order/_form.php(57): TbActiveForm->select2Row(Object(Order), 'select2', Array)
#14 /Applications/MAMP/htdocs/web_examples/Yii/yii/framework/web/CBaseController.php(126): require('/Applications/M...')
#15 /Applications/MAMP/htdocs/web_examples/Yii/yii/framework/web/CBaseController.php(95): CBaseController->renderInternal('/Applications/M...', Array, true)
#16 /Applications/MAMP/htdocs/web_examples/Yii/yii/framework/web/CController.php(869): CBaseController->renderFile('/Applications/M...', Array, true)
#17 /Applications/MAMP/htdocs/web_examples/Yii/wine/protected/views/order/create.php(18): CController->renderPartial('_form', Array)
#18 /Applications/MAMP/htdocs/web_examples/Yii/yii/framework/web/CBaseController.php(126): require('/Applications/M...')
#19 /Applications/MAMP/htdocs/web_examples/Yii/yii/framework/web/CBaseController.php(95): CBaseController->renderInternal('/Applications/M...', Array, true)
#20 /Applications/MAMP/htdocs/web_examples/Yii/yii/framework/web/CController.php(869): CBaseController->renderFile('/Applications/M...', Array, true)
#21 /Applications/MAMP/htdocs/web_examples/Yii/yii/framework/web/CController.php(782): CController->renderPartial('create', Array, true)
#22 /Applications/MAMP/htdocs/web_examples/Yii/wine/protected/controllers/OrderController.php(79): CController->render('create', Array)
#23 /Applications/MAMP/htdocs/web_examples/Yii/yii/framework/web/actions/CInlineAction.php(49): OrderController->actionCreate()
#24 /Applications/MAMP/htdocs/web_examples/Yii/yii/framework/web/CController.php(308): CInlineAction->runWithParams(Array)
#25 /Applications/MAMP/htdocs/web_examples/Yii/yii/framework/web/filters/CFilterChain.php(133): CController->runAction(Object(CInlineAction))
#26 /Applications/MAMP/htdocs/web_examples/Yii/yii/framework/web/filters/CFilter.php(40): CFilterChain->run()
#27 /Applications/MAMP/htdocs/web_examples/Yii/yii/framework/web/CController.php(1145): CFilter->filter(Object(CFilterChain))
#28 /Applications/MAMP/htdocs/web_examples/Yii/yii/framework/web/filters/CInlineFilter.php(58): CController->filterAccessControl(Object(CFilterChain))
#29 /Applications/MAMP/htdocs/web_examples/Yii/yii/framework/web/filters/CFilterChain.php(130): CInlineFilter->filter(Object(CFilterChain))
#30 /Applications/MAMP/htdocs/web_examples/Yii/yii/framework/web/CController.php(291): CFilterChain->run()
#31 /Applications/MAMP/htdocs/web_examples/Yii/yii/framework/web/CController.php(265): CController->runActionWithFilters(Object(CInlineAction), Array)
#32 /Applications/MAMP/htdocs/web_examples/Yii/yii/framework/web/CWebApplication.php(282): CController->run('create')
#33 /Applications/MAMP/htdocs/web_examples/Yii/yii/framework/web/CWebApplication.php(141): CWebApplication->runController('order/create')
#34 /Applications/MAMP/htdocs/web_examples/Yii/yii/framework/base/CApplication.php(169): CWebApplication->processRequest()
#35 /Applications/MAMP/htdocs/web_examples/Yii/wine/index.php(13): CApplication->run()
#36 {main}
REQUEST_URI=/wine/index.php/order/create
HTTP_REFERER=http://localhost:8888/wine/index.php/order/index
---
2013/06/01 21:00:32 [error] [exception.CException] exception 'CException' with message 'Alias "extensions.bootstrap.components.Bootstrap" is invalid. Make sure it points to an existing directory or file.' in /Applications/MAMP/htdocs/web_examples/Yii/yii/framework/YiiBase.php:341
Stack trace:
#0 /Applications/MAMP/htdocs/web_examples/Yii/yii/framework/YiiBase.php(196): YiiBase::import('extensions.boot...', true)
#1 /Applications/MAMP/htdocs/web_examples/Yii/yii/framework/base/CModule.php(386): YiiBase::createComponent(Array)
#2 /Applications/MAMP/htdocs/web_examples/Yii/yii/framework/base/CModule.php(523): CModule->getComponent('bootstrap')
#3 /Applications/MAMP/htdocs/web_examples/Yii/yii/framework/base/CApplication.php(152): CModule->preloadComponents()
#4 /Applications/MAMP/htdocs/web_examples/Yii/yii/framework/YiiBase.php(125): CApplication->__construct('/Applications/M...')
#5 /Applications/MAMP/htdocs/web_examples/Yii/yii/framework/YiiBase.php(98): YiiBase::createApplication('CWebApplication', '/Applications/M...')
#6 /Applications/MAMP/htdocs/web_examples/Yii/wine/index.php(13): YiiBase::createWebApplication('/Applications/M...')
#7 {main}
REQUEST_URI=/wine/index.php/order/create
HTTP_REFERER=http://localhost:8888/wine/index.php/order/index
---
2013/06/01 21:02:00 [error] [exception.CException] exception 'CException' with message 'Property "Order.select2" is not defined.' in /Applications/MAMP/htdocs/web_examples/Yii/yii/framework/base/CComponent.php:130
Stack trace:
#0 /Applications/MAMP/htdocs/web_examples/Yii/yii/framework/db/ar/CActiveRecord.php(143): CComponent->__get('select2')
#1 /Applications/MAMP/htdocs/web_examples/Yii/yii/framework/web/helpers/CHtml.php(2255): CActiveRecord->__get('select2')
#2 /Applications/MAMP/htdocs/web_examples/Yii/yii/framework/web/helpers/CHtml.php(1980): CHtml::resolveValue(Object(Order), 'select2')
#3 /Applications/MAMP/htdocs/web_examples/Yii/yii/framework/web/helpers/CHtml.php(1372): CHtml::activeInputField('hidden', Object(Order), 'select2', Array)
#4 /Applications/MAMP/htdocs/web_examples/Yii/yii/framework/web/widgets/CActiveForm.php(672): CHtml::activeHiddenField(Object(Order), 'select2', Array)
#5 /Applications/MAMP/htdocs/web_examples/Yii/wine/protected/extensions/bootstrap/widgets/TbSelect2.php(71): CActiveForm->hiddenField(Object(Order), 'select2', Array)
#6 /Applications/MAMP/htdocs/web_examples/Yii/yii/framework/web/CBaseController.php(173): TbSelect2->run()
#7 /Applications/MAMP/htdocs/web_examples/Yii/wine/protected/extensions/bootstrap/widgets/input/TbInputHorizontal.php(630): CBaseController->widget('bootstrap.widge...', Array)
#8 /Applications/MAMP/htdocs/web_examples/Yii/wine/protected/extensions/bootstrap/widgets/input/TbInput.php(343): TbInputHorizontal->select2Field()
#9 /Applications/MAMP/htdocs/web_examples/Yii/wine/protected/extensions/bootstrap/widgets/input/TbInputHorizontal.php(24): TbInput->run()
#10 /Applications/MAMP/htdocs/web_examples/Yii/yii/framework/web/CBaseController.php(173): TbInputHorizontal->run()
#11 /Applications/MAMP/htdocs/web_examples/Yii/wine/protected/extensions/bootstrap/widgets/TbActiveForm.php(1096): CBaseController->widget('bootstrap.widge...', Array)
#12 /Applications/MAMP/htdocs/web_examples/Yii/wine/protected/extensions/bootstrap/widgets/TbActiveForm.php(500): TbActiveForm->inputRow('select2', Object(Order), 'select2', NULL, Array)
#13 /Applications/MAMP/htdocs/web_examples/Yii/wine/protected/views/order/_form.php(57): TbActiveForm->select2Row(Object(Order), 'select2', Array)
#14 /Applications/MAMP/htdocs/web_examples/Yii/yii/framework/web/CBaseController.php(126): require('/Applications/M...')
#15 /Applications/MAMP/htdocs/web_examples/Yii/yii/framework/web/CBaseController.php(95): CBaseController->renderInternal('/Applications/M...', Array, true)
#16 /Applications/MAMP/htdocs/web_examples/Yii/yii/framework/web/CController.php(869): CBaseController->renderFile('/Applications/M...', Array, true)
#17 /Applications/MAMP/htdocs/web_examples/Yii/wine/protected/views/order/create.php(18): CController->renderPartial('_form', Array)
#18 /Applications/MAMP/htdocs/web_examples/Yii/yii/framework/web/CBaseController.php(126): require('/Applications/M...')
#19 /Applications/MAMP/htdocs/web_examples/Yii/yii/framework/web/CBaseController.php(95): CBaseController->renderInternal('/Applications/M...', Array, true)
#20 /Applications/MAMP/htdocs/web_examples/Yii/yii/framework/web/CController.php(869): CBaseController->renderFile('/Applications/M...', Array, true)
#21 /Applications/MAMP/htdocs/web_examples/Yii/yii/framework/web/CController.php(782): CController->renderPartial('create', Array, true)
#22 /Applications/MAMP/htdocs/web_examples/Yii/wine/protected/controllers/OrderController.php(79): CController->render('create', Array)
#23 /Applications/MAMP/htdocs/web_examples/Yii/yii/framework/web/actions/CInlineAction.php(49): OrderController->actionCreate()
#24 /Applications/MAMP/htdocs/web_examples/Yii/yii/framework/web/CController.php(308): CInlineAction->runWithParams(Array)
#25 /Applications/MAMP/htdocs/web_examples/Yii/yii/framework/web/filters/CFilterChain.php(133): CController->runAction(Object(CInlineAction))
#26 /Applications/MAMP/htdocs/web_examples/Yii/yii/framework/web/filters/CFilter.php(40): CFilterChain->run()
#27 /Applications/MAMP/htdocs/web_examples/Yii/yii/framework/web/CController.php(1145): CFilter->filter(Object(CFilterChain))
#28 /Applications/MAMP/htdocs/web_examples/Yii/yii/framework/web/filters/CInlineFilter.php(58): CController->filterAccessControl(Object(CFilterChain))
#29 /Applications/MAMP/htdocs/web_examples/Yii/yii/framework/web/filters/CFilterChain.php(130): CInlineFilter->filter(Object(CFilterChain))
#30 /Applications/MAMP/htdocs/web_examples/Yii/yii/framework/web/CController.php(291): CFilterChain->run()
#31 /Applications/MAMP/htdocs/web_examples/Yii/yii/framework/web/CController.php(265): CController->runActionWithFilters(Object(CInlineAction), Array)
#32 /Applications/MAMP/htdocs/web_examples/Yii/yii/framework/web/CWebApplication.php(282): CController->run('create')
#33 /Applications/MAMP/htdocs/web_examples/Yii/yii/framework/web/CWebApplication.php(141): CWebApplication->runController('order/create')
#34 /Applications/MAMP/htdocs/web_examples/Yii/yii/framework/base/CApplication.php(169): CWebApplication->processRequest()
#35 /Applications/MAMP/htdocs/web_examples/Yii/wine/index.php(13): CApplication->run()
#36 {main}
REQUEST_URI=/wine/index.php/order/create
HTTP_REFERER=http://localhost:8888/wine/index.php/site/login
---
2013/06/01 21:06:58 [error] [exception.CException] exception 'CException' with message 'Property "Order.textField" is not defined.' in /Applications/MAMP/htdocs/web_examples/Yii/yii/framework/base/CComponent.php:130
Stack trace:
#0 /Applications/MAMP/htdocs/web_examples/Yii/yii/framework/db/ar/CActiveRecord.php(143): CComponent->__get('textField')
#1 /Applications/MAMP/htdocs/web_examples/Yii/yii/framework/web/helpers/CHtml.php(2255): CActiveRecord->__get('textField')
#2 /Applications/MAMP/htdocs/web_examples/Yii/yii/framework/web/helpers/CHtml.php(1980): CHtml::resolveValue(Object(Order), 'textField')
#3 /Applications/MAMP/htdocs/web_examples/Yii/yii/framework/web/helpers/CHtml.php(1257): CHtml::activeInputField('text', Object(Order), 'textField', Array)
#4 /Applications/MAMP/htdocs/web_examples/Yii/yii/framework/web/widgets/CActiveForm.php(657): CHtml::activeTextField(Object(Order), 'textField', Array)
#5 /Applications/MAMP/htdocs/web_examples/Yii/wine/protected/extensions/bootstrap/widgets/input/TbInputHorizontal.php(266): CActiveForm->textField(Object(Order), 'textField', Array)
#6 /Applications/MAMP/htdocs/web_examples/Yii/wine/protected/extensions/bootstrap/widgets/input/TbInput.php(291): TbInputHorizontal->textField()
#7 /Applications/MAMP/htdocs/web_examples/Yii/wine/protected/extensions/bootstrap/widgets/input/TbInputHorizontal.php(24): TbInput->run()
#8 /Applications/MAMP/htdocs/web_examples/Yii/yii/framework/web/CBaseController.php(173): TbInputHorizontal->run()
#9 /Applications/MAMP/htdocs/web_examples/Yii/wine/protected/extensions/bootstrap/widgets/TbActiveForm.php(1096): CBaseController->widget('bootstrap.widge...', Array)
#10 /Applications/MAMP/htdocs/web_examples/Yii/wine/protected/extensions/bootstrap/widgets/TbActiveForm.php(278): TbActiveForm->inputRow('text', Object(Order), 'textField', NULL, Array)
#11 /Applications/MAMP/htdocs/web_examples/Yii/wine/protected/views/order/_form.php(52): TbActiveForm->textFieldRow(Object(Order), 'textField', Array)
#12 /Applications/MAMP/htdocs/web_examples/Yii/yii/framework/web/CBaseController.php(126): require('/Applications/M...')
#13 /Applications/MAMP/htdocs/web_examples/Yii/yii/framework/web/CBaseController.php(95): CBaseController->renderInternal('/Applications/M...', Array, true)
#14 /Applications/MAMP/htdocs/web_examples/Yii/yii/framework/web/CController.php(869): CBaseController->renderFile('/Applications/M...', Array, true)
#15 /Applications/MAMP/htdocs/web_examples/Yii/wine/protected/views/order/create.php(18): CController->renderPartial('_form', Array)
#16 /Applications/MAMP/htdocs/web_examples/Yii/yii/framework/web/CBaseController.php(126): require('/Applications/M...')
#17 /Applications/MAMP/htdocs/web_examples/Yii/yii/framework/web/CBaseController.php(95): CBaseController->renderInternal('/Applications/M...', Array, true)
#18 /Applications/MAMP/htdocs/web_examples/Yii/yii/framework/web/CController.php(869): CBaseController->renderFile('/Applications/M...', Array, true)
#19 /Applications/MAMP/htdocs/web_examples/Yii/yii/framework/web/CController.php(782): CController->renderPartial('create', Array, true)
#20 /Applications/MAMP/htdocs/web_examples/Yii/wine/protected/controllers/OrderController.php(79): CController->render('create', Array)
#21 /Applications/MAMP/htdocs/web_examples/Yii/yii/framework/web/actions/CInlineAction.php(49): OrderController->actionCreate()
#22 /Applications/MAMP/htdocs/web_examples/Yii/yii/framework/web/CController.php(308): CInlineAction->runWithParams(Array)
#23 /Applications/MAMP/htdocs/web_examples/Yii/yii/framework/web/filters/CFilterChain.php(133): CController->runAction(Object(CInlineAction))
#24 /Applications/MAMP/htdocs/web_examples/Yii/yii/framework/web/filters/CFilter.php(40): CFilterChain->run()
#25 /Applications/MAMP/htdocs/web_examples/Yii/yii/framework/web/CController.php(1145): CFilter->filter(Object(CFilterChain))
#26 /Applications/MAMP/htdocs/web_examples/Yii/yii/framework/web/filters/CInlineFilter.php(58): CController->filterAccessControl(Object(CFilterChain))
#27 /Applications/MAMP/htdocs/web_examples/Yii/yii/framework/web/filters/CFilterChain.php(130): CInlineFilter->filter(Object(CFilterChain))
#28 /Applications/MAMP/htdocs/web_examples/Yii/yii/framework/web/CController.php(291): CFilterChain->run()
#29 /Applications/MAMP/htdocs/web_examples/Yii/yii/framework/web/CController.php(265): CController->runActionWithFilters(Object(CInlineAction), Array)
#30 /Applications/MAMP/htdocs/web_examples/Yii/yii/framework/web/CWebApplication.php(282): CController->run('create')
#31 /Applications/MAMP/htdocs/web_examples/Yii/yii/framework/web/CWebApplication.php(141): CWebApplication->runController('order/create')
#32 /Applications/MAMP/htdocs/web_examples/Yii/yii/framework/base/CApplication.php(169): CWebApplication->processRequest()
#33 /Applications/MAMP/htdocs/web_examples/Yii/wine/index.php(13): CApplication->run()
#34 {main}
REQUEST_URI=/wine/index.php/order/create
HTTP_REFERER=http://localhost:8888/wine/index.php/site/login
---
2013/06/01 21:07:39 [error] [exception.CException] exception 'CException' with message 'Property "Order.select2" is not defined.' in /Applications/MAMP/htdocs/web_examples/Yii/yii/framework/base/CComponent.php:130
Stack trace:
#0 /Applications/MAMP/htdocs/web_examples/Yii/yii/framework/db/ar/CActiveRecord.php(143): CComponent->__get('select2')
#1 /Applications/MAMP/htdocs/web_examples/Yii/yii/framework/web/helpers/CHtml.php(2255): CActiveRecord->__get('select2')
#2 /Applications/MAMP/htdocs/web_examples/Yii/yii/framework/web/helpers/CHtml.php(1980): CHtml::resolveValue(Object(Order), 'select2')
#3 /Applications/MAMP/htdocs/web_examples/Yii/yii/framework/web/helpers/CHtml.php(1372): CHtml::activeInputField('hidden', Object(Order), 'select2', Array)
#4 /Applications/MAMP/htdocs/web_examples/Yii/yii/framework/web/widgets/CActiveForm.php(672): CHtml::activeHiddenField(Object(Order), 'select2', Array)
#5 /Applications/MAMP/htdocs/web_examples/Yii/wine/protected/extensions/bootstrap/widgets/TbSelect2.php(71): CActiveForm->hiddenField(Object(Order), 'select2', Array)
#6 /Applications/MAMP/htdocs/web_examples/Yii/yii/framework/web/CBaseController.php(173): TbSelect2->run()
#7 /Applications/MAMP/htdocs/web_examples/Yii/wine/protected/extensions/bootstrap/widgets/input/TbInputHorizontal.php(630): CBaseController->widget('bootstrap.widge...', Array)
#8 /Applications/MAMP/htdocs/web_examples/Yii/wine/protected/extensions/bootstrap/widgets/input/TbInput.php(343): TbInputHorizontal->select2Field()
#9 /Applications/MAMP/htdocs/web_examples/Yii/wine/protected/extensions/bootstrap/widgets/input/TbInputHorizontal.php(24): TbInput->run()
#10 /Applications/MAMP/htdocs/web_examples/Yii/yii/framework/web/CBaseController.php(173): TbInputHorizontal->run()
#11 /Applications/MAMP/htdocs/web_examples/Yii/wine/protected/extensions/bootstrap/widgets/TbActiveForm.php(1096): CBaseController->widget('bootstrap.widge...', Array)
#12 /Applications/MAMP/htdocs/web_examples/Yii/wine/protected/extensions/bootstrap/widgets/TbActiveForm.php(500): TbActiveForm->inputRow('select2', Object(Order), 'select2', NULL, Array)
#13 /Applications/MAMP/htdocs/web_examples/Yii/wine/protected/views/order/_form.php(57): TbActiveForm->select2Row(Object(Order), 'select2', Array)
#14 /Applications/MAMP/htdocs/web_examples/Yii/yii/framework/web/CBaseController.php(126): require('/Applications/M...')
#15 /Applications/MAMP/htdocs/web_examples/Yii/yii/framework/web/CBaseController.php(95): CBaseController->renderInternal('/Applications/M...', Array, true)
#16 /Applications/MAMP/htdocs/web_examples/Yii/yii/framework/web/CController.php(869): CBaseController->renderFile('/Applications/M...', Array, true)
#17 /Applications/MAMP/htdocs/web_examples/Yii/wine/protected/views/order/create.php(18): CController->renderPartial('_form', Array)
#18 /Applications/MAMP/htdocs/web_examples/Yii/yii/framework/web/CBaseController.php(126): require('/Applications/M...')
#19 /Applications/MAMP/htdocs/web_examples/Yii/yii/framework/web/CBaseController.php(95): CBaseController->renderInternal('/Applications/M...', Array, true)
#20 /Applications/MAMP/htdocs/web_examples/Yii/yii/framework/web/CController.php(869): CBaseController->renderFile('/Applications/M...', Array, true)
#21 /Applications/MAMP/htdocs/web_examples/Yii/yii/framework/web/CController.php(782): CController->renderPartial('create', Array, true)
#22 /Applications/MAMP/htdocs/web_examples/Yii/wine/protected/controllers/OrderController.php(79): CController->render('create', Array)
#23 /Applications/MAMP/htdocs/web_examples/Yii/yii/framework/web/actions/CInlineAction.php(49): OrderController->actionCreate()
#24 /Applications/MAMP/htdocs/web_examples/Yii/yii/framework/web/CController.php(308): CInlineAction->runWithParams(Array)
#25 /Applications/MAMP/htdocs/web_examples/Yii/yii/framework/web/filters/CFilterChain.php(133): CController->runAction(Object(CInlineAction))
#26 /Applications/MAMP/htdocs/web_examples/Yii/yii/framework/web/filters/CFilter.php(40): CFilterChain->run()
#27 /Applications/MAMP/htdocs/web_examples/Yii/yii/framework/web/CController.php(1145): CFilter->filter(Object(CFilterChain))
#28 /Applications/MAMP/htdocs/web_examples/Yii/yii/framework/web/filters/CInlineFilter.php(58): CController->filterAccessControl(Object(CFilterChain))
#29 /Applications/MAMP/htdocs/web_examples/Yii/yii/framework/web/filters/CFilterChain.php(130): CInlineFilter->filter(Object(CFilterChain))
#30 /Applications/MAMP/htdocs/web_examples/Yii/yii/framework/web/CController.php(291): CFilterChain->run()
#31 /Applications/MAMP/htdocs/web_examples/Yii/yii/framework/web/CController.php(265): CController->runActionWithFilters(Object(CInlineAction), Array)
#32 /Applications/MAMP/htdocs/web_examples/Yii/yii/framework/web/CWebApplication.php(282): CController->run('create')
#33 /Applications/MAMP/htdocs/web_examples/Yii/yii/framework/web/CWebApplication.php(141): CWebApplication->runController('order/create')
#34 /Applications/MAMP/htdocs/web_examples/Yii/yii/framework/base/CApplication.php(169): CWebApplication->processRequest()
#35 /Applications/MAMP/htdocs/web_examples/Yii/wine/index.php(13): CApplication->run()
#36 {main}
REQUEST_URI=/wine/index.php/order/create
HTTP_REFERER=http://localhost:8888/wine/index.php/site/login
---
2013/06/01 21:11:31 [error] [exception.CException] exception 'CException' with message 'Property "Order.select2" is not defined.' in /Applications/MAMP/htdocs/web_examples/Yii/yii/framework/base/CComponent.php:130
Stack trace:
#0 /Applications/MAMP/htdocs/web_examples/Yii/yii/framework/db/ar/CActiveRecord.php(143): CComponent->__get('select2')
#1 /Applications/MAMP/htdocs/web_examples/Yii/yii/framework/web/helpers/CHtml.php(2255): CActiveRecord->__get('select2')
#2 /Applications/MAMP/htdocs/web_examples/Yii/yii/framework/web/helpers/CHtml.php(1980): CHtml::resolveValue(Object(Order), 'select2')
#3 /Applications/MAMP/htdocs/web_examples/Yii/yii/framework/web/helpers/CHtml.php(1372): CHtml::activeInputField('hidden', Object(Order), 'select2', Array)
#4 /Applications/MAMP/htdocs/web_examples/Yii/yii/framework/web/widgets/CActiveForm.php(672): CHtml::activeHiddenField(Object(Order), 'select2', Array)
#5 /Applications/MAMP/htdocs/web_examples/Yii/wine/protected/extensions/bootstrap/widgets/TbSelect2.php(71): CActiveForm->hiddenField(Object(Order), 'select2', Array)
#6 /Applications/MAMP/htdocs/web_examples/Yii/yii/framework/web/CBaseController.php(173): TbSelect2->run()
#7 /Applications/MAMP/htdocs/web_examples/Yii/wine/protected/extensions/bootstrap/widgets/input/TbInputHorizontal.php(630): CBaseController->widget('bootstrap.widge...', Array)
#8 /Applications/MAMP/htdocs/web_examples/Yii/wine/protected/extensions/bootstrap/widgets/input/TbInput.php(343): TbInputHorizontal->select2Field()
#9 /Applications/MAMP/htdocs/web_examples/Yii/wine/protected/extensions/bootstrap/widgets/input/TbInputHorizontal.php(24): TbInput->run()
#10 /Applications/MAMP/htdocs/web_examples/Yii/yii/framework/web/CBaseController.php(173): TbInputHorizontal->run()
#11 /Applications/MAMP/htdocs/web_examples/Yii/wine/protected/extensions/bootstrap/widgets/TbActiveForm.php(1096): CBaseController->widget('bootstrap.widge...', Array)
#12 /Applications/MAMP/htdocs/web_examples/Yii/wine/protected/extensions/bootstrap/widgets/TbActiveForm.php(500): TbActiveForm->inputRow('select2', Object(Order), 'select2', NULL, Array)
#13 /Applications/MAMP/htdocs/web_examples/Yii/wine/protected/views/order/_form.php(59): TbActiveForm->select2Row(Object(Order), 'select2', Array)
#14 /Applications/MAMP/htdocs/web_examples/Yii/yii/framework/web/CBaseController.php(126): require('/Applications/M...')
#15 /Applications/MAMP/htdocs/web_examples/Yii/yii/framework/web/CBaseController.php(95): CBaseController->renderInternal('/Applications/M...', Array, true)
#16 /Applications/MAMP/htdocs/web_examples/Yii/yii/framework/web/CController.php(869): CBaseController->renderFile('/Applications/M...', Array, true)
#17 /Applications/MAMP/htdocs/web_examples/Yii/wine/protected/views/order/create.php(18): CController->renderPartial('_form', Array)
#18 /Applications/MAMP/htdocs/web_examples/Yii/yii/framework/web/CBaseController.php(126): require('/Applications/M...')
#19 /Applications/MAMP/htdocs/web_examples/Yii/yii/framework/web/CBaseController.php(95): CBaseController->renderInternal('/Applications/M...', Array, true)
#20 /Applications/MAMP/htdocs/web_examples/Yii/yii/framework/web/CController.php(869): CBaseController->renderFile('/Applications/M...', Array, true)
#21 /Applications/MAMP/htdocs/web_examples/Yii/yii/framework/web/CController.php(782): CController->renderPartial('create', Array, true)
#22 /Applications/MAMP/htdocs/web_examples/Yii/wine/protected/controllers/OrderController.php(79): CController->render('create', Array)
#23 /Applications/MAMP/htdocs/web_examples/Yii/yii/framework/web/actions/CInlineAction.php(49): OrderController->actionCreate()
#24 /Applications/MAMP/htdocs/web_examples/Yii/yii/framework/web/CController.php(308): CInlineAction->runWithParams(Array)
#25 /Applications/MAMP/htdocs/web_examples/Yii/yii/framework/web/filters/CFilterChain.php(133): CController->runAction(Object(CInlineAction))
#26 /Applications/MAMP/htdocs/web_examples/Yii/yii/framework/web/filters/CFilter.php(40): CFilterChain->run()
#27 /Applications/MAMP/htdocs/web_examples/Yii/yii/framework/web/CController.php(1145): CFilter->filter(Object(CFilterChain))
#28 /Applications/MAMP/htdocs/web_examples/Yii/yii/framework/web/filters/CInlineFilter.php(58): CController->filterAccessControl(Object(CFilterChain))
#29 /Applications/MAMP/htdocs/web_examples/Yii/yii/framework/web/filters/CFilterChain.php(130): CInlineFilter->filter(Object(CFilterChain))
#30 /Applications/MAMP/htdocs/web_examples/Yii/yii/framework/web/CController.php(291): CFilterChain->run()
#31 /Applications/MAMP/htdocs/web_examples/Yii/yii/framework/web/CController.php(265): CController->runActionWithFilters(Object(CInlineAction), Array)
#32 /Applications/MAMP/htdocs/web_examples/Yii/yii/framework/web/CWebApplication.php(282): CController->run('create')
#33 /Applications/MAMP/htdocs/web_examples/Yii/yii/framework/web/CWebApplication.php(141): CWebApplication->runController('order/create')
#34 /Applications/MAMP/htdocs/web_examples/Yii/yii/framework/base/CApplication.php(169): CWebApplication->processRequest()
#35 /Applications/MAMP/htdocs/web_examples/Yii/wine/index.php(13): CApplication->run()
#36 {main}
REQUEST_URI=/wine/index.php/order/create
HTTP_REFERER=http://localhost:8888/wine/index.php/site/login
---
2013/06/01 21:12:47 [error] [exception.CException] exception 'CException' with message 'Property "Order.select2" is not defined.' in /Applications/MAMP/htdocs/web_examples/Yii/yii/framework/base/CComponent.php:130
Stack trace:
#0 /Applications/MAMP/htdocs/web_examples/Yii/yii/framework/db/ar/CActiveRecord.php(143): CComponent->__get('select2')
#1 /Applications/MAMP/htdocs/web_examples/Yii/yii/framework/web/helpers/CHtml.php(2255): CActiveRecord->__get('select2')
#2 /Applications/MAMP/htdocs/web_examples/Yii/yii/framework/web/helpers/CHtml.php(1980): CHtml::resolveValue(Object(Order), 'select2')
#3 /Applications/MAMP/htdocs/web_examples/Yii/yii/framework/web/helpers/CHtml.php(1372): CHtml::activeInputField('hidden', Object(Order), 'select2', Array)
#4 /Applications/MAMP/htdocs/web_examples/Yii/yii/framework/web/widgets/CActiveForm.php(672): CHtml::activeHiddenField(Object(Order), 'select2', Array)
#5 /Applications/MAMP/htdocs/web_examples/Yii/wine/protected/extensions/bootstrap/widgets/TbSelect2.php(71): CActiveForm->hiddenField(Object(Order), 'select2', Array)
#6 /Applications/MAMP/htdocs/web_examples/Yii/yii/framework/web/CBaseController.php(173): TbSelect2->run()
#7 /Applications/MAMP/htdocs/web_examples/Yii/wine/protected/extensions/bootstrap/widgets/input/TbInputHorizontal.php(630): CBaseController->widget('bootstrap.widge...', Array)
#8 /Applications/MAMP/htdocs/web_examples/Yii/wine/protected/extensions/bootstrap/widgets/input/TbInput.php(343): TbInputHorizontal->select2Field()
#9 /Applications/MAMP/htdocs/web_examples/Yii/wine/protected/extensions/bootstrap/widgets/input/TbInputHorizontal.php(24): TbInput->run()
#10 /Applications/MAMP/htdocs/web_examples/Yii/yii/framework/web/CBaseController.php(173): TbInputHorizontal->run()
#11 /Applications/MAMP/htdocs/web_examples/Yii/wine/protected/extensions/bootstrap/widgets/TbActiveForm.php(1096): CBaseController->widget('bootstrap.widge...', Array)
#12 /Applications/MAMP/htdocs/web_examples/Yii/wine/protected/extensions/bootstrap/widgets/TbActiveForm.php(500): TbActiveForm->inputRow('select2', Object(Order), 'select2', NULL, Array)
#13 /Applications/MAMP/htdocs/web_examples/Yii/wine/protected/views/order/_form.php(68): TbActiveForm->select2Row(Object(Order), 'select2', Array)
#14 /Applications/MAMP/htdocs/web_examples/Yii/yii/framework/web/CBaseController.php(126): require('/Applications/M...')
#15 /Applications/MAMP/htdocs/web_examples/Yii/yii/framework/web/CBaseController.php(95): CBaseController->renderInternal('/Applications/M...', Array, true)
#16 /Applications/MAMP/htdocs/web_examples/Yii/yii/framework/web/CController.php(869): CBaseController->renderFile('/Applications/M...', Array, true)
#17 /Applications/MAMP/htdocs/web_examples/Yii/wine/protected/views/order/create.php(18): CController->renderPartial('_form', Array)
#18 /Applications/MAMP/htdocs/web_examples/Yii/yii/framework/web/CBaseController.php(126): require('/Applications/M...')
#19 /Applications/MAMP/htdocs/web_examples/Yii/yii/framework/web/CBaseController.php(95): CBaseController->renderInternal('/Applications/M...', Array, true)
#20 /Applications/MAMP/htdocs/web_examples/Yii/yii/framework/web/CController.php(869): CBaseController->renderFile('/Applications/M...', Array, true)
#21 /Applications/MAMP/htdocs/web_examples/Yii/yii/framework/web/CController.php(782): CController->renderPartial('create', Array, true)
#22 /Applications/MAMP/htdocs/web_examples/Yii/wine/protected/controllers/OrderController.php(79): CController->render('create', Array)
#23 /Applications/MAMP/htdocs/web_examples/Yii/yii/framework/web/actions/CInlineAction.php(49): OrderController->actionCreate()
#24 /Applications/MAMP/htdocs/web_examples/Yii/yii/framework/web/CController.php(308): CInlineAction->runWithParams(Array)
#25 /Applications/MAMP/htdocs/web_examples/Yii/yii/framework/web/filters/CFilterChain.php(133): CController->runAction(Object(CInlineAction))
#26 /Applications/MAMP/htdocs/web_examples/Yii/yii/framework/web/filters/CFilter.php(40): CFilterChain->run()
#27 /Applications/MAMP/htdocs/web_examples/Yii/yii/framework/web/CController.php(1145): CFilter->filter(Object(CFilterChain))
#28 /Applications/MAMP/htdocs/web_examples/Yii/yii/framework/web/filters/CInlineFilter.php(58): CController->filterAccessControl(Object(CFilterChain))
#29 /Applications/MAMP/htdocs/web_examples/Yii/yii/framework/web/filters/CFilterChain.php(130): CInlineFilter->filter(Object(CFilterChain))
#30 /Applications/MAMP/htdocs/web_examples/Yii/yii/framework/web/CController.php(291): CFilterChain->run()
#31 /Applications/MAMP/htdocs/web_examples/Yii/yii/framework/web/CController.php(265): CController->runActionWithFilters(Object(CInlineAction), Array)
#32 /Applications/MAMP/htdocs/web_examples/Yii/yii/framework/web/CWebApplication.php(282): CController->run('create')
#33 /Applications/MAMP/htdocs/web_examples/Yii/yii/framework/web/CWebApplication.php(141): CWebApplication->runController('order/create')
#34 /Applications/MAMP/htdocs/web_examples/Yii/yii/framework/base/CApplication.php(169): CWebApplication->processRequest()
#35 /Applications/MAMP/htdocs/web_examples/Yii/wine/index.php(13): CApplication->run()
#36 {main}
REQUEST_URI=/wine/index.php/order/create
HTTP_REFERER=http://localhost:8888/wine/index.php/site/login
---
2013/06/01 21:13:17 [error] [exception.CException] exception 'CException' with message 'Property "Order.select2" is not defined.' in /Applications/MAMP/htdocs/web_examples/Yii/yii/framework/base/CComponent.php:130
Stack trace:
#0 /Applications/MAMP/htdocs/web_examples/Yii/yii/framework/db/ar/CActiveRecord.php(143): CComponent->__get('select2')
#1 /Applications/MAMP/htdocs/web_examples/Yii/yii/framework/web/helpers/CHtml.php(2255): CActiveRecord->__get('select2')
#2 /Applications/MAMP/htdocs/web_examples/Yii/yii/framework/web/helpers/CHtml.php(1980): CHtml::resolveValue(Object(Order), 'select2')
#3 /Applications/MAMP/htdocs/web_examples/Yii/yii/framework/web/helpers/CHtml.php(1372): CHtml::activeInputField('hidden', Object(Order), 'select2', Array)
#4 /Applications/MAMP/htdocs/web_examples/Yii/yii/framework/web/widgets/CActiveForm.php(672): CHtml::activeHiddenField(Object(Order), 'select2', Array)
#5 /Applications/MAMP/htdocs/web_examples/Yii/wine/protected/extensions/bootstrap/widgets/TbSelect2.php(71): CActiveForm->hiddenField(Object(Order), 'select2', Array)
#6 /Applications/MAMP/htdocs/web_examples/Yii/yii/framework/web/CBaseController.php(173): TbSelect2->run()
#7 /Applications/MAMP/htdocs/web_examples/Yii/wine/protected/extensions/bootstrap/widgets/input/TbInputHorizontal.php(630): CBaseController->widget('bootstrap.widge...', Array)
#8 /Applications/MAMP/htdocs/web_examples/Yii/wine/protected/extensions/bootstrap/widgets/input/TbInput.php(343): TbInputHorizontal->select2Field()
#9 /Applications/MAMP/htdocs/web_examples/Yii/wine/protected/extensions/bootstrap/widgets/input/TbInputHorizontal.php(24): TbInput->run()
#10 /Applications/MAMP/htdocs/web_examples/Yii/yii/framework/web/CBaseController.php(173): TbInputHorizontal->run()
#11 /Applications/MAMP/htdocs/web_examples/Yii/wine/protected/extensions/bootstrap/widgets/TbActiveForm.php(1096): CBaseController->widget('bootstrap.widge...', Array)
#12 /Applications/MAMP/htdocs/web_examples/Yii/wine/protected/extensions/bootstrap/widgets/TbActiveForm.php(500): TbActiveForm->inputRow('select2', Object(Order), 'select2', NULL, Array)
#13 /Applications/MAMP/htdocs/web_examples/Yii/wine/protected/views/order/_form.php(68): TbActiveForm->select2Row(Object(Order), 'select2', Array)
#14 /Applications/MAMP/htdocs/web_examples/Yii/yii/framework/web/CBaseController.php(126): require('/Applications/M...')
#15 /Applications/MAMP/htdocs/web_examples/Yii/yii/framework/web/CBaseController.php(95): CBaseController->renderInternal('/Applications/M...', Array, true)
#16 /Applications/MAMP/htdocs/web_examples/Yii/yii/framework/web/CController.php(869): CBaseController->renderFile('/Applications/M...', Array, true)
#17 /Applications/MAMP/htdocs/web_examples/Yii/wine/protected/views/order/create.php(18): CController->renderPartial('_form', Array)
#18 /Applications/MAMP/htdocs/web_examples/Yii/yii/framework/web/CBaseController.php(126): require('/Applications/M...')
#19 /Applications/MAMP/htdocs/web_examples/Yii/yii/framework/web/CBaseController.php(95): CBaseController->renderInternal('/Applications/M...', Array, true)
#20 /Applications/MAMP/htdocs/web_examples/Yii/yii/framework/web/CController.php(869): CBaseController->renderFile('/Applications/M...', Array, true)
#21 /Applications/MAMP/htdocs/web_examples/Yii/yii/framework/web/CController.php(782): CController->renderPartial('create', Array, true)
#22 /Applications/MAMP/htdocs/web_examples/Yii/wine/protected/controllers/OrderController.php(79): CController->render('create', Array)
#23 /Applications/MAMP/htdocs/web_examples/Yii/yii/framework/web/actions/CInlineAction.php(49): OrderController->actionCreate()
#24 /Applications/MAMP/htdocs/web_examples/Yii/yii/framework/web/CController.php(308): CInlineAction->runWithParams(Array)
#25 /Applications/MAMP/htdocs/web_examples/Yii/yii/framework/web/filters/CFilterChain.php(133): CController->runAction(Object(CInlineAction))
#26 /Applications/MAMP/htdocs/web_examples/Yii/yii/framework/web/filters/CFilter.php(40): CFilterChain->run()
#27 /Applications/MAMP/htdocs/web_examples/Yii/yii/framework/web/CController.php(1145): CFilter->filter(Object(CFilterChain))
#28 /Applications/MAMP/htdocs/web_examples/Yii/yii/framework/web/filters/CInlineFilter.php(58): CController->filterAccessControl(Object(CFilterChain))
#29 /Applications/MAMP/htdocs/web_examples/Yii/yii/framework/web/filters/CFilterChain.php(130): CInlineFilter->filter(Object(CFilterChain))
#30 /Applications/MAMP/htdocs/web_examples/Yii/yii/framework/web/CController.php(291): CFilterChain->run()
#31 /Applications/MAMP/htdocs/web_examples/Yii/yii/framework/web/CController.php(265): CController->runActionWithFilters(Object(CInlineAction), Array)
#32 /Applications/MAMP/htdocs/web_examples/Yii/yii/framework/web/CWebApplication.php(282): CController->run('create')
#33 /Applications/MAMP/htdocs/web_examples/Yii/yii/framework/web/CWebApplication.php(141): CWebApplication->runController('order/create')
#34 /Applications/MAMP/htdocs/web_examples/Yii/yii/framework/base/CApplication.php(169): CWebApplication->processRequest()
#35 /Applications/MAMP/htdocs/web_examples/Yii/wine/index.php(13): CApplication->run()
#36 {main}
REQUEST_URI=/wine/index.php/order/create
HTTP_REFERER=http://localhost:8888/wine/index.php/site/login
---
2013/06/01 21:21:24 [error] [exception.CException] exception 'CException' with message 'Alias "ext.select2.ESelect2" is invalid. Make sure it points to an existing PHP file and the file is readable.' in /Applications/MAMP/htdocs/web_examples/Yii/yii/framework/YiiBase.php:316
Stack trace:
#0 /Applications/MAMP/htdocs/web_examples/Yii/yii/framework/web/CWidgetFactory.php(146): YiiBase::import('ext.select2.ESe...', true)
#1 /Applications/MAMP/htdocs/web_examples/Yii/yii/framework/web/CBaseController.php(146): CWidgetFactory->createWidget(Object(OrderController), 'ext.select2.ESe...', Array)
#2 /Applications/MAMP/htdocs/web_examples/Yii/yii/framework/web/CBaseController.php(172): CBaseController->createWidget('ext.select2.ESe...', Array)
#3 /Applications/MAMP/htdocs/web_examples/Yii/wine/protected/views/order/_form.php(50): CBaseController->widget('ext.select2.ESe...', Array)
#4 /Applications/MAMP/htdocs/web_examples/Yii/yii/framework/web/CBaseController.php(126): require('/Applications/M...')
#5 /Applications/MAMP/htdocs/web_examples/Yii/yii/framework/web/CBaseController.php(95): CBaseController->renderInternal('/Applications/M...', Array, true)
#6 /Applications/MAMP/htdocs/web_examples/Yii/yii/framework/web/CController.php(869): CBaseController->renderFile('/Applications/M...', Array, true)
#7 /Applications/MAMP/htdocs/web_examples/Yii/wine/protected/views/order/create.php(18): CController->renderPartial('_form', Array)
#8 /Applications/MAMP/htdocs/web_examples/Yii/yii/framework/web/CBaseController.php(126): require('/Applications/M...')
#9 /Applications/MAMP/htdocs/web_examples/Yii/yii/framework/web/CBaseController.php(95): CBaseController->renderInternal('/Applications/M...', Array, true)
#10 /Applications/MAMP/htdocs/web_examples/Yii/yii/framework/web/CController.php(869): CBaseController->renderFile('/Applications/M...', Array, true)
#11 /Applications/MAMP/htdocs/web_examples/Yii/yii/framework/web/CController.php(782): CController->renderPartial('create', Array, true)
#12 /Applications/MAMP/htdocs/web_examples/Yii/wine/protected/controllers/OrderController.php(79): CController->render('create', Array)
#13 /Applications/MAMP/htdocs/web_examples/Yii/yii/framework/web/actions/CInlineAction.php(49): OrderController->actionCreate()
#14 /Applications/MAMP/htdocs/web_examples/Yii/yii/framework/web/CController.php(308): CInlineAction->runWithParams(Array)
#15 /Applications/MAMP/htdocs/web_examples/Yii/yii/framework/web/filters/CFilterChain.php(133): CController->runAction(Object(CInlineAction))
#16 /Applications/MAMP/htdocs/web_examples/Yii/yii/framework/web/filters/CFilter.php(40): CFilterChain->run()
#17 /Applications/MAMP/htdocs/web_examples/Yii/yii/framework/web/CController.php(1145): CFilter->filter(Object(CFilterChain))
#18 /Applications/MAMP/htdocs/web_examples/Yii/yii/framework/web/filters/CInlineFilter.php(58): CController->filterAccessControl(Object(CFilterChain))
#19 /Applications/MAMP/htdocs/web_examples/Yii/yii/framework/web/filters/CFilterChain.php(130): CInlineFilter->filter(Object(CFilterChain))
#20 /Applications/MAMP/htdocs/web_examples/Yii/yii/framework/web/CController.php(291): CFilterChain->run()
#21 /Applications/MAMP/htdocs/web_examples/Yii/yii/framework/web/CController.php(265): CController->runActionWithFilters(Object(CInlineAction), Array)
#22 /Applications/MAMP/htdocs/web_examples/Yii/yii/framework/web/CWebApplication.php(282): CController->run('create')
#23 /Applications/MAMP/htdocs/web_examples/Yii/yii/framework/web/CWebApplication.php(141): CWebApplication->runController('order/create')
#24 /Applications/MAMP/htdocs/web_examples/Yii/yii/framework/base/CApplication.php(169): CWebApplication->processRequest()
#25 /Applications/MAMP/htdocs/web_examples/Yii/wine/index.php(13): CApplication->run()
#26 {main}
REQUEST_URI=/wine/index.php/order/create
HTTP_REFERER=http://localhost:8888/wine/index.php/site/login
---
2013/06/01 21:23:42 [error] [exception.CException] exception 'CException' with message 'Property "Order.attrName" is not defined.' in /Applications/MAMP/htdocs/web_examples/Yii/yii/framework/base/CComponent.php:130
Stack trace:
#0 /Applications/MAMP/htdocs/web_examples/Yii/yii/framework/db/ar/CActiveRecord.php(143): CComponent->__get('attrName')
#1 /Applications/MAMP/htdocs/web_examples/Yii/yii/framework/web/helpers/CHtml.php(2255): CActiveRecord->__get('attrName')
#2 /Applications/MAMP/htdocs/web_examples/Yii/yii/framework/web/helpers/CHtml.php(1565): CHtml::resolveValue(Object(Order), 'attrName')
#3 /Applications/MAMP/htdocs/web_examples/Yii/wine/protected/extensions/select2/ESelect2.php(64): CHtml::activeDropDownList(Object(Order), 'attrName', Array, Array)
#4 /Applications/MAMP/htdocs/web_examples/Yii/yii/framework/web/CBaseController.php(173): ESelect2->run()
#5 /Applications/MAMP/htdocs/web_examples/Yii/wine/protected/views/order/_form.php(72): CBaseController->widget('ext.select2.ESe...', Array)
#6 /Applications/MAMP/htdocs/web_examples/Yii/yii/framework/web/CBaseController.php(126): require('/Applications/M...')
#7 /Applications/MAMP/htdocs/web_examples/Yii/yii/framework/web/CBaseController.php(95): CBaseController->renderInternal('/Applications/M...', Array, true)
#8 /Applications/MAMP/htdocs/web_examples/Yii/yii/framework/web/CController.php(869): CBaseController->renderFile('/Applications/M...', Array, true)
#9 /Applications/MAMP/htdocs/web_examples/Yii/wine/protected/views/order/create.php(18): CController->renderPartial('_form', Array)
#10 /Applications/MAMP/htdocs/web_examples/Yii/yii/framework/web/CBaseController.php(126): require('/Applications/M...')
#11 /Applications/MAMP/htdocs/web_examples/Yii/yii/framework/web/CBaseController.php(95): CBaseController->renderInternal('/Applications/M...', Array, true)
#12 /Applications/MAMP/htdocs/web_examples/Yii/yii/framework/web/CController.php(869): CBaseController->renderFile('/Applications/M...', Array, true)
#13 /Applications/MAMP/htdocs/web_examples/Yii/yii/framework/web/CController.php(782): CController->renderPartial('create', Array, true)
#14 /Applications/MAMP/htdocs/web_examples/Yii/wine/protected/controllers/OrderController.php(79): CController->render('create', Array)
#15 /Applications/MAMP/htdocs/web_examples/Yii/yii/framework/web/actions/CInlineAction.php(49): OrderController->actionCreate()
#16 /Applications/MAMP/htdocs/web_examples/Yii/yii/framework/web/CController.php(308): CInlineAction->runWithParams(Array)
#17 /Applications/MAMP/htdocs/web_examples/Yii/yii/framework/web/filters/CFilterChain.php(133): CController->runAction(Object(CInlineAction))
#18 /Applications/MAMP/htdocs/web_examples/Yii/yii/framework/web/filters/CFilter.php(40): CFilterChain->run()
#19 /Applications/MAMP/htdocs/web_examples/Yii/yii/framework/web/CController.php(1145): CFilter->filter(Object(CFilterChain))
#20 /Applications/MAMP/htdocs/web_examples/Yii/yii/framework/web/filters/CInlineFilter.php(58): CController->filterAccessControl(Object(CFilterChain))
#21 /Applications/MAMP/htdocs/web_examples/Yii/yii/framework/web/filters/CFilterChain.php(130): CInlineFilter->filter(Object(CFilterChain))
#22 /Applications/MAMP/htdocs/web_examples/Yii/yii/framework/web/CController.php(291): CFilterChain->run()
#23 /Applications/MAMP/htdocs/web_examples/Yii/yii/framework/web/CController.php(265): CController->runActionWithFilters(Object(CInlineAction), Array)
#24 /Applications/MAMP/htdocs/web_examples/Yii/yii/framework/web/CWebApplication.php(282): CController->run('create')
#25 /Applications/MAMP/htdocs/web_examples/Yii/yii/framework/web/CWebApplication.php(141): CWebApplication->runController('order/create')
#26 /Applications/MAMP/htdocs/web_examples/Yii/yii/framework/base/CApplication.php(169): CWebApplication->processRequest()
#27 /Applications/MAMP/htdocs/web_examples/Yii/wine/index.php(13): CApplication->run()
#28 {main}
REQUEST_URI=/wine/index.php/order/create
HTTP_REFERER=http://localhost:8888/wine/index.php/site/login
---
