2013/05/12 17:00:22 [error] [php] date(): It is not safe to rely on the system's timezone settings. You are *required* to use the date.timezone setting or the date_default_timezone_set() function. In case you used any of those methods and you are still getting this warning, you most likely misspelled the timezone identifier. We selected 'Europe/Berlin' for 'CEST/2.0/DST' instead (/Applications/MAMP/htdocs/web_examples/Yii/demo/protected/views/layouts/main.php:51)
Stack trace:
#0 /Applications/MAMP/htdocs/web_examples/Yii/yii/framework/web/CBaseController.php(95): SiteController->renderInternal()
#1 /Applications/MAMP/htdocs/web_examples/Yii/yii/framework/web/widgets/CContentDecorator.php(76): SiteController->renderFile()
#2 /Applications/MAMP/htdocs/web_examples/Yii/yii/framework/web/widgets/CContentDecorator.php(54): CContentDecorator->decorate()
#3 /Applications/MAMP/htdocs/web_examples/Yii/yii/framework/web/widgets/COutputProcessor.php(44): CContentDecorator->processOutput()
#4 /Applications/MAMP/htdocs/web_examples/Yii/yii/framework/web/CBaseController.php(206): CContentDecorator->run()
#5 /Applications/MAMP/htdocs/web_examples/Yii/yii/framework/web/CBaseController.php(300): SiteController->endWidget()
#6 /Applications/MAMP/htdocs/web_examples/Yii/demo/protected/views/layouts/column1.php(6): SiteController->endContent()
#7 /Applications/MAMP/htdocs/web_examples/Yii/yii/framework/web/CBaseController.php(126): require()
#8 /Applications/MAMP/htdocs/web_examples/Yii/yii/framework/web/CBaseController.php(95): SiteController->renderInternal()
#9 /Applications/MAMP/htdocs/web_examples/Yii/yii/framework/web/CController.php(784): SiteController->renderFile()
#10 /Applications/MAMP/htdocs/web_examples/Yii/demo/protected/controllers/SiteController.php(32): SiteController->render()
#11 /Applications/MAMP/htdocs/web_examples/Yii/yii/framework/web/actions/CInlineAction.php(49): SiteController->actionIndex()
#12 /Applications/MAMP/htdocs/web_examples/Yii/yii/framework/web/CController.php(308): CInlineAction->runWithParams()
#13 /Applications/MAMP/htdocs/web_examples/Yii/yii/framework/web/CController.php(286): SiteController->runAction()
#14 /Applications/MAMP/htdocs/web_examples/Yii/yii/framework/web/CController.php(265): SiteController->runActionWithFilters()
#15 /Applications/MAMP/htdocs/web_examples/Yii/yii/framework/web/CWebApplication.php(282): SiteController->run()
#16 /Applications/MAMP/htdocs/web_examples/Yii/yii/framework/web/CWebApplication.php(141): CWebApplication->runController()
#17 /Applications/MAMP/htdocs/web_examples/Yii/yii/framework/base/CApplication.php(169): CWebApplication->processRequest()
#18 /Applications/MAMP/htdocs/web_examples/Yii/demo/index.php(13): CWebApplication->run()
#19 /Applications/MAMP/htdocs/web_examples/Yii/yii/framework/cli/commands/ShellCommand.php(78): require()
#20 /Applications/MAMP/htdocs/web_examples/Yii/yii/framework/console/CConsoleCommandRunner.php(67): ShellCommand->run()
#21 /Applications/MAMP/htdocs/web_examples/Yii/yii/framework/console/CConsoleApplication.php(91): CConsoleCommandRunner->run()
#22 /Applications/MAMP/htdocs/web_examples/Yii/yii/framework/base/CApplication.php(169): CConsoleApplication->processRequest()
#23 /Applications/MAMP/htdocs/web_examples/Yii/yii/framework/yiic.php(33): CConsoleApplication->run()
#24 /Applications/MAMP/htdocs/web_examples/Yii/yii/framework/yiic(14): require_once()
REQUEST_URI=/index.php
2013/05/12 17:00:49 [error] [php] date(): It is not safe to rely on the system's timezone settings. You are *required* to use the date.timezone setting or the date_default_timezone_set() function. In case you used any of those methods and you are still getting this warning, you most likely misspelled the timezone identifier. We selected 'Europe/Berlin' for 'CEST/2.0/DST' instead (/Applications/MAMP/htdocs/web_examples/Yii/demo/protected/views/layouts/main.php:51)
Stack trace:
#0 /Applications/MAMP/htdocs/web_examples/Yii/yii/framework/web/CBaseController.php(95): SiteController->renderInternal()
#1 /Applications/MAMP/htdocs/web_examples/Yii/yii/framework/web/widgets/CContentDecorator.php(76): SiteController->renderFile()
#2 /Applications/MAMP/htdocs/web_examples/Yii/yii/framework/web/widgets/CContentDecorator.php(54): CContentDecorator->decorate()
#3 /Applications/MAMP/htdocs/web_examples/Yii/yii/framework/web/widgets/COutputProcessor.php(44): CContentDecorator->processOutput()
#4 /Applications/MAMP/htdocs/web_examples/Yii/yii/framework/web/CBaseController.php(206): CContentDecorator->run()
#5 /Applications/MAMP/htdocs/web_examples/Yii/yii/framework/web/CBaseController.php(300): SiteController->endWidget()
#6 /Applications/MAMP/htdocs/web_examples/Yii/demo/protected/views/layouts/column1.php(6): SiteController->endContent()
#7 /Applications/MAMP/htdocs/web_examples/Yii/yii/framework/web/CBaseController.php(126): require()
#8 /Applications/MAMP/htdocs/web_examples/Yii/yii/framework/web/CBaseController.php(95): SiteController->renderInternal()
#9 /Applications/MAMP/htdocs/web_examples/Yii/yii/framework/web/CController.php(784): SiteController->renderFile()
#10 /Applications/MAMP/htdocs/web_examples/Yii/demo/protected/controllers/SiteController.php(32): SiteController->render()
#11 /Applications/MAMP/htdocs/web_examples/Yii/yii/framework/web/actions/CInlineAction.php(49): SiteController->actionIndex()
#12 /Applications/MAMP/htdocs/web_examples/Yii/yii/framework/web/CController.php(308): CInlineAction->runWithParams()
#13 /Applications/MAMP/htdocs/web_examples/Yii/yii/framework/web/CController.php(286): SiteController->runAction()
#14 /Applications/MAMP/htdocs/web_examples/Yii/yii/framework/web/CController.php(265): SiteController->runActionWithFilters()
#15 /Applications/MAMP/htdocs/web_examples/Yii/yii/framework/web/CWebApplication.php(282): SiteController->run()
#16 /Applications/MAMP/htdocs/web_examples/Yii/yii/framework/web/CWebApplication.php(141): CWebApplication->runController()
#17 /Applications/MAMP/htdocs/web_examples/Yii/yii/framework/base/CApplication.php(169): CWebApplication->processRequest()
#18 /Applications/MAMP/htdocs/web_examples/Yii/demo/index.php(13): CWebApplication->run()
#19 /Applications/MAMP/htdocs/web_examples/Yii/yii/framework/cli/commands/ShellCommand.php(78): require()
#20 /Applications/MAMP/htdocs/web_examples/Yii/yii/framework/console/CConsoleCommandRunner.php(67): ShellCommand->run()
#21 /Applications/MAMP/htdocs/web_examples/Yii/yii/framework/console/CConsoleApplication.php(91): CConsoleCommandRunner->run()
#22 /Applications/MAMP/htdocs/web_examples/Yii/yii/framework/base/CApplication.php(169): CConsoleApplication->processRequest()
#23 /Applications/MAMP/htdocs/web_examples/Yii/yii/framework/yiic.php(33): CConsoleApplication->run()
#24 /Applications/MAMP/htdocs/web_examples/Yii/yii/framework/yiic(14): require_once()
REQUEST_URI=/index.php
2013/05/12 17:02:05 [error] [php] date(): It is not safe to rely on the system's timezone settings. You are *required* to use the date.timezone setting or the date_default_timezone_set() function. In case you used any of those methods and you are still getting this warning, you most likely misspelled the timezone identifier. We selected 'Europe/Berlin' for 'CEST/2.0/DST' instead (/Applications/MAMP/htdocs/web_examples/Yii/demo/protected/views/layouts/main.php:51)
Stack trace:
#0 /Applications/MAMP/htdocs/web_examples/Yii/yii/framework/web/CBaseController.php(95): SiteController->renderInternal()
#1 /Applications/MAMP/htdocs/web_examples/Yii/yii/framework/web/widgets/CContentDecorator.php(76): SiteController->renderFile()
#2 /Applications/MAMP/htdocs/web_examples/Yii/yii/framework/web/widgets/CContentDecorator.php(54): CContentDecorator->decorate()
#3 /Applications/MAMP/htdocs/web_examples/Yii/yii/framework/web/widgets/COutputProcessor.php(44): CContentDecorator->processOutput()
#4 /Applications/MAMP/htdocs/web_examples/Yii/yii/framework/web/CBaseController.php(206): CContentDecorator->run()
#5 /Applications/MAMP/htdocs/web_examples/Yii/yii/framework/web/CBaseController.php(300): SiteController->endWidget()
#6 /Applications/MAMP/htdocs/web_examples/Yii/demo/protected/views/layouts/column1.php(6): SiteController->endContent()
#7 /Applications/MAMP/htdocs/web_examples/Yii/yii/framework/web/CBaseController.php(126): require()
#8 /Applications/MAMP/htdocs/web_examples/Yii/yii/framework/web/CBaseController.php(95): SiteController->renderInternal()
#9 /Applications/MAMP/htdocs/web_examples/Yii/yii/framework/web/CController.php(784): SiteController->renderFile()
#10 /Applications/MAMP/htdocs/web_examples/Yii/demo/protected/controllers/SiteController.php(32): SiteController->render()
#11 /Applications/MAMP/htdocs/web_examples/Yii/yii/framework/web/actions/CInlineAction.php(49): SiteController->actionIndex()
#12 /Applications/MAMP/htdocs/web_examples/Yii/yii/framework/web/CController.php(308): CInlineAction->runWithParams()
#13 /Applications/MAMP/htdocs/web_examples/Yii/yii/framework/web/CController.php(286): SiteController->runAction()
#14 /Applications/MAMP/htdocs/web_examples/Yii/yii/framework/web/CController.php(265): SiteController->runActionWithFilters()
#15 /Applications/MAMP/htdocs/web_examples/Yii/yii/framework/web/CWebApplication.php(282): SiteController->run()
#16 /Applications/MAMP/htdocs/web_examples/Yii/yii/framework/web/CWebApplication.php(141): CWebApplication->runController()
#17 /Applications/MAMP/htdocs/web_examples/Yii/yii/framework/base/CApplication.php(169): CWebApplication->processRequest()
#18 /Applications/MAMP/htdocs/web_examples/Yii/demo/index.php(13): CWebApplication->run()
#19 /Applications/MAMP/htdocs/web_examples/Yii/yii/framework/cli/commands/ShellCommand.php(78): require()
#20 /Applications/MAMP/htdocs/web_examples/Yii/yii/framework/console/CConsoleCommandRunner.php(67): ShellCommand->run()
#21 /Applications/MAMP/htdocs/web_examples/Yii/yii/framework/console/CConsoleApplication.php(91): CConsoleCommandRunner->run()
#22 /Applications/MAMP/htdocs/web_examples/Yii/yii/framework/base/CApplication.php(169): CConsoleApplication->processRequest()
#23 /Applications/MAMP/htdocs/web_examples/Yii/yii/framework/yiic.php(33): CConsoleApplication->run()
#24 /Applications/MAMP/htdocs/web_examples/Yii/demo/protected/yiic.php(7): require_once()
#25 /Applications/MAMP/htdocs/web_examples/Yii/demo/protected/yiic(4): require_once()
REQUEST_URI=/index.php
2013/05/12 17:02:05 [error] [php] date(): It is not safe to rely on the system's timezone settings. You are *required* to use the date.timezone setting or the date_default_timezone_set() function. In case you used any of those methods and you are still getting this warning, you most likely misspelled the timezone identifier. We selected 'Europe/Berlin' for 'CEST/2.0/DST' instead (/Applications/MAMP/htdocs/web_examples/Yii/demo/protected/views/layouts/main.php:51)
Stack trace:
#0 /Applications/MAMP/htdocs/web_examples/Yii/yii/framework/web/CBaseController.php(95): SiteController->renderInternal()
#1 /Applications/MAMP/htdocs/web_examples/Yii/yii/framework/web/widgets/CContentDecorator.php(76): SiteController->renderFile()
#2 /Applications/MAMP/htdocs/web_examples/Yii/yii/framework/web/widgets/CContentDecorator.php(54): CContentDecorator->decorate()
#3 /Applications/MAMP/htdocs/web_examples/Yii/yii/framework/web/widgets/COutputProcessor.php(44): CContentDecorator->processOutput()
#4 /Applications/MAMP/htdocs/web_examples/Yii/yii/framework/web/CBaseController.php(206): CContentDecorator->run()
#5 /Applications/MAMP/htdocs/web_examples/Yii/yii/framework/web/CBaseController.php(300): SiteController->endWidget()
#6 /Applications/MAMP/htdocs/web_examples/Yii/demo/protected/views/layouts/column1.php(6): SiteController->endContent()
#7 /Applications/MAMP/htdocs/web_examples/Yii/yii/framework/web/CBaseController.php(126): require()
#8 /Applications/MAMP/htdocs/web_examples/Yii/yii/framework/web/CBaseController.php(95): SiteController->renderInternal()
#9 /Applications/MAMP/htdocs/web_examples/Yii/yii/framework/web/CController.php(784): SiteController->renderFile()
#10 /Applications/MAMP/htdocs/web_examples/Yii/demo/protected/controllers/SiteController.php(32): SiteController->render()
#11 /Applications/MAMP/htdocs/web_examples/Yii/yii/framework/web/actions/CInlineAction.php(49): SiteController->actionIndex()
#12 /Applications/MAMP/htdocs/web_examples/Yii/yii/framework/web/CController.php(308): CInlineAction->runWithParams()
#13 /Applications/MAMP/htdocs/web_examples/Yii/yii/framework/web/CController.php(286): SiteController->runAction()
#14 /Applications/MAMP/htdocs/web_examples/Yii/yii/framework/web/CController.php(265): SiteController->runActionWithFilters()
#15 /Applications/MAMP/htdocs/web_examples/Yii/yii/framework/web/CWebApplication.php(282): SiteController->run()
#16 /Applications/MAMP/htdocs/web_examples/Yii/yii/framework/web/CWebApplication.php(141): CWebApplication->runController()
#17 /Applications/MAMP/htdocs/web_examples/Yii/yii/framework/base/CApplication.php(169): CWebApplication->processRequest()
#18 /Applications/MAMP/htdocs/web_examples/Yii/demo/index.php(13): CWebApplication->run()
#19 /Applications/MAMP/htdocs/web_examples/Yii/yii/framework/cli/commands/ShellCommand.php(78): require()
#20 /Applications/MAMP/htdocs/web_examples/Yii/yii/framework/console/CConsoleCommandRunner.php(67): ShellCommand->run()
#21 /Applications/MAMP/htdocs/web_examples/Yii/yii/framework/console/CConsoleApplication.php(91): CConsoleCommandRunner->run()
#22 /Applications/MAMP/htdocs/web_examples/Yii/yii/framework/base/CApplication.php(169): CConsoleApplication->processRequest()
#23 /Applications/MAMP/htdocs/web_examples/Yii/yii/framework/yiic.php(33): CConsoleApplication->run()
#24 /Applications/MAMP/htdocs/web_examples/Yii/demo/protected/yiic.php(7): require_once()
#25 /Applications/MAMP/htdocs/web_examples/Yii/demo/protected/yiic(4): require_once()
REQUEST_URI=/index.php
2013/05/12 17:26:18 [error] [php] Undefined variable: time (/Applications/MAMP/htdocs/web_examples/Yii/demo/protected/views/message/helloWorld.php:8)
Stack trace:
#0 /Applications/MAMP/htdocs/web_examples/yii/yii/framework/web/CController.php(869): MessageController->renderFile()
#1 /Applications/MAMP/htdocs/web_examples/yii/yii/framework/web/CController.php(782): MessageController->renderPartial()
#2 /Applications/MAMP/htdocs/web_examples/Yii/demo/protected/controllers/MessageController.php(11): MessageController->render()
#3 /Applications/MAMP/htdocs/web_examples/yii/yii/framework/web/actions/CInlineAction.php(49): MessageController->actionHelloWorld()
#4 /Applications/MAMP/htdocs/web_examples/yii/yii/framework/web/CController.php(308): CInlineAction->runWithParams()
#5 /Applications/MAMP/htdocs/web_examples/yii/yii/framework/web/CController.php(286): MessageController->runAction()
#6 /Applications/MAMP/htdocs/web_examples/yii/yii/framework/web/CController.php(265): MessageController->runActionWithFilters()
#7 /Applications/MAMP/htdocs/web_examples/yii/yii/framework/web/CWebApplication.php(282): MessageController->run()
#8 /Applications/MAMP/htdocs/web_examples/yii/yii/framework/web/CWebApplication.php(141): CWebApplication->runController()
#9 /Applications/MAMP/htdocs/web_examples/yii/yii/framework/base/CApplication.php(169): CWebApplication->processRequest()
#10 /Applications/MAMP/htdocs/web_examples/Yii/demo/index.php(13): CWebApplication->run()
REQUEST_URI=/web_examples/Yii/demo/index.php?r=message/helloWorld
in /Applications/MAMP/htdocs/web_examples/Yii/demo/protected/views/message/helloWorld.php (8)
in /Applications/MAMP/htdocs/web_examples/Yii/demo/protected/controllers/MessageController.php (11)
in /Applications/MAMP/htdocs/web_examples/Yii/demo/index.php (13)
2013/05/12 17:28:12 [error] [php] Undefined variable: time (/Applications/MAMP/htdocs/web_examples/Yii/demo/protected/views/message/helloWorld.php:8)
Stack trace:
#0 /Applications/MAMP/htdocs/web_examples/yii/yii/framework/web/CController.php(869): MessageController->renderFile()
#1 /Applications/MAMP/htdocs/web_examples/yii/yii/framework/web/CController.php(782): MessageController->renderPartial()
#2 /Applications/MAMP/htdocs/web_examples/Yii/demo/protected/controllers/MessageController.php(11): MessageController->render()
#3 /Applications/MAMP/htdocs/web_examples/yii/yii/framework/web/actions/CInlineAction.php(49): MessageController->actionHelloWorld()
#4 /Applications/MAMP/htdocs/web_examples/yii/yii/framework/web/CController.php(308): CInlineAction->runWithParams()
#5 /Applications/MAMP/htdocs/web_examples/yii/yii/framework/web/CController.php(286): MessageController->runAction()
#6 /Applications/MAMP/htdocs/web_examples/yii/yii/framework/web/CController.php(265): MessageController->runActionWithFilters()
#7 /Applications/MAMP/htdocs/web_examples/yii/yii/framework/web/CWebApplication.php(282): MessageController->run()
#8 /Applications/MAMP/htdocs/web_examples/yii/yii/framework/web/CWebApplication.php(141): CWebApplication->runController()
#9 /Applications/MAMP/htdocs/web_examples/yii/yii/framework/base/CApplication.php(169): CWebApplication->processRequest()
#10 /Applications/MAMP/htdocs/web_examples/Yii/demo/index.php(13): CWebApplication->run()
REQUEST_URI=/web_examples/Yii/demo/index.php?r=message/helloWorld
in /Applications/MAMP/htdocs/web_examples/Yii/demo/protected/views/message/helloWorld.php (8)
in /Applications/MAMP/htdocs/web_examples/Yii/demo/protected/controllers/MessageController.php (11)
in /Applications/MAMP/htdocs/web_examples/Yii/demo/index.php (13)
2013/05/12 17:28:37 [error] [php] Undefined variable: time (/Applications/MAMP/htdocs/web_examples/Yii/demo/protected/views/message/helloWorld.php:7)
Stack trace:
#0 /Applications/MAMP/htdocs/web_examples/yii/yii/framework/web/CController.php(869): MessageController->renderFile()
#1 /Applications/MAMP/htdocs/web_examples/yii/yii/framework/web/CController.php(782): MessageController->renderPartial()
#2 /Applications/MAMP/htdocs/web_examples/Yii/demo/protected/controllers/MessageController.php(8): MessageController->render()
#3 /Applications/MAMP/htdocs/web_examples/yii/yii/framework/web/actions/CInlineAction.php(49): MessageController->actionHelloWorld()
#4 /Applications/MAMP/htdocs/web_examples/yii/yii/framework/web/CController.php(308): CInlineAction->runWithParams()
#5 /Applications/MAMP/htdocs/web_examples/yii/yii/framework/web/CController.php(286): MessageController->runAction()
#6 /Applications/MAMP/htdocs/web_examples/yii/yii/framework/web/CController.php(265): MessageController->runActionWithFilters()
#7 /Applications/MAMP/htdocs/web_examples/yii/yii/framework/web/CWebApplication.php(282): MessageController->run()
#8 /Applications/MAMP/htdocs/web_examples/yii/yii/framework/web/CWebApplication.php(141): CWebApplication->runController()
#9 /Applications/MAMP/htdocs/web_examples/yii/yii/framework/base/CApplication.php(169): CWebApplication->processRequest()
#10 /Applications/MAMP/htdocs/web_examples/Yii/demo/index.php(13): CWebApplication->run()
REQUEST_URI=/web_examples/Yii/demo/index.php?r=message/helloWorld
in /Applications/MAMP/htdocs/web_examples/Yii/demo/protected/views/message/helloWorld.php (7)
in /Applications/MAMP/htdocs/web_examples/Yii/demo/protected/controllers/MessageController.php (8)
in /Applications/MAMP/htdocs/web_examples/Yii/demo/index.php (13)
2013/05/12 17:29:05 [error] [php] Undefined variable: time (/Applications/MAMP/htdocs/web_examples/Yii/demo/protected/views/message/helloWorld.php:7)
Stack trace:
#0 /Applications/MAMP/htdocs/web_examples/yii/yii/framework/web/CController.php(869): MessageController->renderFile()
#1 /Applications/MAMP/htdocs/web_examples/yii/yii/framework/web/CController.php(782): MessageController->renderPartial()
#2 /Applications/MAMP/htdocs/web_examples/Yii/demo/protected/controllers/MessageController.php(8): MessageController->render()
#3 /Applications/MAMP/htdocs/web_examples/yii/yii/framework/web/actions/CInlineAction.php(49): MessageController->actionHelloWorld()
#4 /Applications/MAMP/htdocs/web_examples/yii/yii/framework/web/CController.php(308): CInlineAction->runWithParams()
#5 /Applications/MAMP/htdocs/web_examples/yii/yii/framework/web/CController.php(286): MessageController->runAction()
#6 /Applications/MAMP/htdocs/web_examples/yii/yii/framework/web/CController.php(265): MessageController->runActionWithFilters()
#7 /Applications/MAMP/htdocs/web_examples/yii/yii/framework/web/CWebApplication.php(282): MessageController->run()
#8 /Applications/MAMP/htdocs/web_examples/yii/yii/framework/web/CWebApplication.php(141): CWebApplication->runController()
#9 /Applications/MAMP/htdocs/web_examples/yii/yii/framework/base/CApplication.php(169): CWebApplication->processRequest()
#10 /Applications/MAMP/htdocs/web_examples/Yii/demo/index.php(13): CWebApplication->run()
REQUEST_URI=/web_examples/Yii/demo/index.php?r=message/helloWorld
in /Applications/MAMP/htdocs/web_examples/Yii/demo/protected/views/message/helloWorld.php (7)
in /Applications/MAMP/htdocs/web_examples/Yii/demo/protected/controllers/MessageController.php (8)
in /Applications/MAMP/htdocs/web_examples/Yii/demo/index.php (13)
